<?xml version="1.0" encoding="UTF-8"?>
<robot generator="Robot 7.3.2 (Python 3.13.7 on win32)" generated="2025-12-01T20:55:35.118791" rpa="false" schemaversion="5">
<suite id="s1" name="Challenge1 Claudiav" source="C:\ArchivosClaudia\qaxpert_training\APIS\qa-automation-apis-robot-framework\Stage_1\challenge\challenge1_claudiav.robot">
<test id="s1-t1" name="CP01 - Registro de un Usuario" line="13">
<kw name="Generate Random String" owner="String">
<msg time="2025-12-01T20:55:35.301625" level="INFO">${random_id} = 930495</msg>
<var>${random_id}</var>
<arg>6</arg>
<arg>[NUMBERS]</arg>
<doc>Generates a string with a desired ``length`` from the given ``chars``.</doc>
<status status="PASS" start="2025-12-01T20:55:35.300859" elapsed="0.000805"/>
</kw>
<kw name="Set Variable" owner="BuiltIn">
<msg time="2025-12-01T20:55:35.302330" level="INFO">${email} = clau_930495@gmail.com</msg>
<var>${email}</var>
<arg>clau_${random_id}@gmail.com</arg>
<doc>Returns the given values which can then be assigned to a variables.</doc>
<status status="PASS" start="2025-12-01T20:55:35.302144" elapsed="0.000213"/>
</kw>
<kw name="Create Dictionary" owner="BuiltIn">
<msg time="2025-12-01T20:55:35.303012" level="INFO">${payload} = {'name': 'Claudia', 'email': 'clau_930495@gmail.com', 'password': 'Control123'}</msg>
<var>${payload}</var>
<arg>name=Claudia</arg>
<arg>email=${email}</arg>
<arg>password=Control123</arg>
<doc>Creates and returns a dictionary based on the given ``items``.</doc>
<status status="PASS" start="2025-12-01T20:55:35.302643" elapsed="0.000392"/>
</kw>
<kw name="POST" owner="RequestsLibrary">
<msg time="2025-12-01T20:55:38.035663" level="INFO">POST Request : url=https://practice.expandtesting.com/notes/api/users/register 
 path_url=/notes/api/users/register 
 headers={'User-Agent': 'python-requests/2.32.5', 'Accept-Encoding': 'gzip, deflate', 'Accept': '*/*', 'Connection': 'keep-alive', 'Content-Length': '79', 'Content-Type': 'application/json'} 
 body=b'{"name": "Claudia", "email": "clau_930495@gmail.com", "password": "Control123"}' 
 </msg>
<msg time="2025-12-01T20:55:38.036002" level="INFO">POST Response : url=https://practice.expandtesting.com/notes/api/users/register 
 status=201, reason=Created 
 headers={'access-control-allow-origin': '*', 'access-control-allow-credentials': 'true', 'access-control-allow-methods': 'GET, POST, PUT, DELETE, PATCH', 'access-control-allow-headers': 'Origin, X-Requested-With, Authorization, Content-Type, Accept, X-Auth-Token', 'content-type': 'application/json; charset=utf-8', 'content-encoding': 'gzip', 'etag': 'W/"a5-VU4M3nCVTg1PFGnfZ1iLGKDZt2Y"', 'set-cookie': 'express:sess=eyJmbGFzaCI6e319; path=/; httponly, express:sess.sig=tdt42nQZiQvICqmrvHQ1_16fHk0; path=/; httponly', 'date': 'Tue, 02 Dec 2025 00:55:37 GMT', 'connection': 'keep-alive', 'keep-alive': 'timeout=5', 'transfer-encoding': 'chunked'} 
 body={"success":true,"status":201,"message":"User account created successfully","data":{"id":"692e3909b1c39f0298197655","name":"Claudia","email":"clau_930495@gmail.com"}} 
 </msg>
<msg time="2025-12-01T20:55:38.036349" level="INFO">${response} = &lt;Response [201]&gt;</msg>
<var>${response}</var>
<arg>${BASE_URL}/users/register</arg>
<arg>json=${payload}</arg>
<arg>expected_status= 201</arg>
<doc>Sends a POST request.</doc>
<status status="PASS" start="2025-12-01T20:55:35.303348" elapsed="2.733073"/>
</kw>
<kw name="Should Be Equal" owner="BuiltIn">
<arg>${response.json()}[message]</arg>
<arg>User account created successfully</arg>
<doc>Fails if the given objects are unequal.</doc>
<status status="PASS" start="2025-12-01T20:55:38.037203" elapsed="0.001379"/>
</kw>
<kw name="Should Be True" owner="BuiltIn">
<arg>${response.json()}[success]</arg>
<doc>Fails if the given condition is not true.</doc>
<status status="PASS" start="2025-12-01T20:55:38.039208" elapsed="0.000974"/>
</kw>
<kw name="Should Not Be Empty" owner="BuiltIn">
<msg time="2025-12-01T20:55:38.041937" level="INFO">Length is 24.</msg>
<arg>${response.json()}[data][id]</arg>
<doc>Verifies that the given item is not empty.</doc>
<status status="PASS" start="2025-12-01T20:55:38.040725" elapsed="0.001493"/>
</kw>
<kw name="Should Be Equal" owner="BuiltIn">
<arg>${response.json()}[data][name]</arg>
<arg>Claudia</arg>
<doc>Fails if the given objects are unequal.</doc>
<status status="PASS" start="2025-12-01T20:55:38.042656" elapsed="0.000649"/>
</kw>
<kw name="Should Be Equal" owner="BuiltIn">
<arg>${response.json()}[data][email]</arg>
<arg>${email}</arg>
<doc>Fails if the given objects are unequal.</doc>
<status status="PASS" start="2025-12-01T20:55:38.043705" elapsed="0.000599"/>
</kw>
<doc>Verifica que se registra un usuario nuevo y devuelva 201 con datos correctos.</doc>
<status status="PASS" start="2025-12-01T20:55:35.299277" elapsed="2.745806"/>
</test>
<test id="s1-t2" name="CP02 - User Login" line="31">
<kw name="Create Dictionary" owner="BuiltIn">
<msg time="2025-12-01T20:55:38.046737" level="INFO">${payload} = {'email': 'clau_980518@gmail.com', 'password': 'Control123'}</msg>
<var>${payload}</var>
<arg>email=clau_980518@gmail.com</arg>
<arg>password=Control123</arg>
<doc>Creates and returns a dictionary based on the given ``items``.</doc>
<status status="PASS" start="2025-12-01T20:55:38.046465" elapsed="0.000303"/>
</kw>
<kw name="POST" owner="RequestsLibrary">
<msg time="2025-12-01T20:55:39.509217" level="INFO">POST Request : url=https://practice.expandtesting.com/notes/api/users/login 
 path_url=/notes/api/users/login 
 headers={'User-Agent': 'python-requests/2.32.5', 'Accept-Encoding': 'gzip, deflate', 'Accept': '*/*', 'Connection': 'keep-alive', 'Content-Length': '60', 'Content-Type': 'application/json'} 
 body=b'{"email": "clau_980518@gmail.com", "password": "Control123"}' 
 </msg>
<msg time="2025-12-01T20:55:39.509409" level="INFO">POST Response : url=https://practice.expandtesting.com/notes/api/users/login 
 status=200, reason=OK 
 headers={'access-control-allow-origin': '*', 'access-control-allow-credentials': 'true', 'access-control-allow-methods': 'GET, POST, PUT, DELETE, PATCH', 'access-control-allow-headers': 'Origin, X-Requested-With, Authorization, Content-Type, Accept, X-Auth-Token', 'content-type': 'application/json; charset=utf-8', 'content-encoding': 'gzip', 'etag': 'W/"df-f24U/HEaSyjwGbUdQDd87EHz/QQ"', 'set-cookie': 'express:sess=eyJmbGFzaCI6e319; path=/; httponly, express:sess.sig=tdt42nQZiQvICqmrvHQ1_16fHk0; path=/; httponly', 'date': 'Tue, 02 Dec 2025 00:55:39 GMT', 'connection': 'keep-alive', 'keep-alive': 'timeout=5', 'transfer-encoding': 'chunked'} 
 body={"success":true,"status":200,"message":"Login successful","data":{"id":"692b12abb1c39f0298193bac","name":"Claudia","email":"clau_980518@gmail.com","token":"ee7f5b89cfbd4c039834a032a9f286a2dc25aa94fd9a4f9097fdc9301758bae8"}} 
 </msg>
<msg time="2025-12-01T20:55:39.509673" level="INFO">${response} = &lt;Response [200]&gt;</msg>
<var>${response}</var>
<arg>${BASE_URL}/users/login</arg>
<arg>json=${payload}</arg>
<arg>expected_status=200</arg>
<doc>Sends a POST request.</doc>
<status status="PASS" start="2025-12-01T20:55:38.046962" elapsed="1.462770"/>
</kw>
<kw name="Should Be Equal" owner="BuiltIn">
<arg>${response.json()}[message]</arg>
<arg>Login successful</arg>
<doc>Fails if the given objects are unequal.</doc>
<status status="PASS" start="2025-12-01T20:55:39.510273" elapsed="0.000431"/>
</kw>
<kw name="Should Be True" owner="BuiltIn">
<arg>${response.json()}[success]</arg>
<doc>Fails if the given condition is not true.</doc>
<status status="PASS" start="2025-12-01T20:55:39.511117" elapsed="0.000388"/>
</kw>
<kw name="Should Not Be Empty" owner="BuiltIn">
<msg time="2025-12-01T20:55:39.512071" level="INFO">Length is 24.</msg>
<arg>${response.json()}[data][id]</arg>
<doc>Verifies that the given item is not empty.</doc>
<status status="PASS" start="2025-12-01T20:55:39.511735" elapsed="0.000377"/>
</kw>
<kw name="Should Be Equal" owner="BuiltIn">
<arg>${response.json()}[data][name]</arg>
<arg>Claudia</arg>
<doc>Fails if the given objects are unequal.</doc>
<status status="PASS" start="2025-12-01T20:55:39.512363" elapsed="0.000357"/>
</kw>
<kw name="Should Be Equal" owner="BuiltIn">
<arg>${response.json()}[data][email]</arg>
<arg>clau_980518@gmail.com</arg>
<doc>Fails if the given objects are unequal.</doc>
<status status="PASS" start="2025-12-01T20:55:39.513214" elapsed="0.000573"/>
</kw>
<kw name="Should Not Be Empty" owner="BuiltIn">
<msg time="2025-12-01T20:55:39.514828" level="INFO">Length is 64.</msg>
<arg>${response.json()}[data][token]</arg>
<doc>Verifies that the given item is not empty.</doc>
<status status="PASS" start="2025-12-01T20:55:39.514196" elapsed="0.000699"/>
</kw>
<doc>Verifica que un POST a /users/login devuelve datos usuario y token.</doc>
<status status="PASS" start="2025-12-01T20:55:38.045894" elapsed="1.469395"/>
</test>
<test id="s1-t3" name="CP03 - User Login2" line="45">
<kw name="Generate Random String" owner="String">
<msg time="2025-12-01T20:55:39.517418" level="INFO">${random_id} = 477695</msg>
<var>${random_id}</var>
<arg>6</arg>
<arg>[NUMBERS]</arg>
<doc>Generates a string with a desired ``length`` from the given ``chars``.</doc>
<status status="PASS" start="2025-12-01T20:55:39.517080" elapsed="0.000378"/>
</kw>
<kw name="Set Variable" owner="BuiltIn">
<msg time="2025-12-01T20:55:39.518027" level="INFO">${email} = clau_477695@gmail.com</msg>
<var>${email}</var>
<arg>clau_${random_id}@gmail.com</arg>
<doc>Returns the given values which can then be assigned to a variables.</doc>
<status status="PASS" start="2025-12-01T20:55:39.517781" elapsed="0.000374"/>
</kw>
<kw name="Create Dictionary" owner="BuiltIn">
<msg time="2025-12-01T20:55:39.518701" level="INFO">${payload} = {'name': 'Claudia', 'email': 'clau_477695@gmail.com', 'password': 'Control123'}</msg>
<var>${payload}</var>
<arg>name=Claudia</arg>
<arg>email=${email}</arg>
<arg>password=Control123</arg>
<doc>Creates and returns a dictionary based on the given ``items``.</doc>
<status status="PASS" start="2025-12-01T20:55:39.518466" elapsed="0.000261"/>
</kw>
<kw name="POST" owner="RequestsLibrary">
<msg time="2025-12-01T20:55:40.819102" level="INFO">POST Request : url=https://practice.expandtesting.com/notes/api/users/register 
 path_url=/notes/api/users/register 
 headers={'User-Agent': 'python-requests/2.32.5', 'Accept-Encoding': 'gzip, deflate', 'Accept': '*/*', 'Connection': 'keep-alive', 'Content-Length': '79', 'Content-Type': 'application/json'} 
 body=b'{"name": "Claudia", "email": "clau_477695@gmail.com", "password": "Control123"}' 
 </msg>
<msg time="2025-12-01T20:55:40.819297" level="INFO">POST Response : url=https://practice.expandtesting.com/notes/api/users/register 
 status=201, reason=Created 
 headers={'access-control-allow-origin': '*', 'access-control-allow-credentials': 'true', 'access-control-allow-methods': 'GET, POST, PUT, DELETE, PATCH', 'access-control-allow-headers': 'Origin, X-Requested-With, Authorization, Content-Type, Accept, X-Auth-Token', 'content-type': 'application/json; charset=utf-8', 'content-encoding': 'gzip', 'etag': 'W/"a5-DoNtETaVeR0JcpqFVzf8+qs6Q6c"', 'set-cookie': 'express:sess=eyJmbGFzaCI6e319; path=/; httponly, express:sess.sig=tdt42nQZiQvICqmrvHQ1_16fHk0; path=/; httponly', 'date': 'Tue, 02 Dec 2025 00:55:40 GMT', 'connection': 'keep-alive', 'keep-alive': 'timeout=5', 'transfer-encoding': 'chunked'} 
 body={"success":true,"status":201,"message":"User account created successfully","data":{"id":"692e390cb1c39f029819765a","name":"Claudia","email":"clau_477695@gmail.com"}} 
 </msg>
<msg time="2025-12-01T20:55:40.819566" level="INFO">${response} = &lt;Response [201]&gt;</msg>
<var>${response}</var>
<arg>${BASE_URL}/users/register</arg>
<arg>json=${payload}</arg>
<arg>expected_status= 201</arg>
<doc>Sends a POST request.</doc>
<status status="PASS" start="2025-12-01T20:55:39.518999" elapsed="1.300632"/>
</kw>
<kw name="Create Dictionary" owner="BuiltIn">
<msg time="2025-12-01T20:55:40.820955" level="INFO">${payload} = {'email': 'clau_477695@gmail.com', 'password': 'Control123'}</msg>
<var>${payload}</var>
<arg>email=${email}</arg>
<arg>password=Control123</arg>
<doc>Creates and returns a dictionary based on the given ``items``.</doc>
<status status="PASS" start="2025-12-01T20:55:40.820367" elapsed="0.000674"/>
</kw>
<kw name="POST" owner="RequestsLibrary">
<msg time="2025-12-01T20:55:42.575881" level="INFO">POST Request : url=https://practice.expandtesting.com/notes/api/users/login 
 path_url=/notes/api/users/login 
 headers={'User-Agent': 'python-requests/2.32.5', 'Accept-Encoding': 'gzip, deflate', 'Accept': '*/*', 'Connection': 'keep-alive', 'Content-Length': '60', 'Content-Type': 'application/json'} 
 body=b'{"email": "clau_477695@gmail.com", "password": "Control123"}' 
 </msg>
<msg time="2025-12-01T20:55:42.576091" level="INFO">POST Response : url=https://practice.expandtesting.com/notes/api/users/login 
 status=200, reason=OK 
 headers={'access-control-allow-origin': '*', 'access-control-allow-credentials': 'true', 'access-control-allow-methods': 'GET, POST, PUT, DELETE, PATCH', 'access-control-allow-headers': 'Origin, X-Requested-With, Authorization, Content-Type, Accept, X-Auth-Token', 'content-type': 'application/json; charset=utf-8', 'content-encoding': 'gzip', 'etag': 'W/"df-4tl3s40XvH7lqlwtHLMxi8z62xc"', 'set-cookie': 'express:sess=eyJmbGFzaCI6e319; path=/; httponly, express:sess.sig=tdt42nQZiQvICqmrvHQ1_16fHk0; path=/; httponly', 'date': 'Tue, 02 Dec 2025 00:55:42 GMT', 'connection': 'keep-alive', 'keep-alive': 'timeout=5', 'transfer-encoding': 'chunked'} 
 body={"success":true,"status":200,"message":"Login successful","data":{"id":"692e390cb1c39f029819765a","name":"Claudia","email":"clau_477695@gmail.com","token":"138d44ae944c4874a9e67dfc87bed7ce886219c3349041a4b0253222e8aa6609"}} 
 </msg>
<msg time="2025-12-01T20:55:42.583767" level="INFO">${response} = &lt;Response [200]&gt;</msg>
<var>${response}</var>
<arg>${BASE_URL}/users/login</arg>
<arg>json=${payload}</arg>
<arg>expected_status=200</arg>
<doc>Sends a POST request.</doc>
<status status="PASS" start="2025-12-01T20:55:40.821657" elapsed="1.762189"/>
</kw>
<kw name="Should Be Equal" owner="BuiltIn">
<arg>${response.json()}[message]</arg>
<arg>Login successful</arg>
<doc>Fails if the given objects are unequal.</doc>
<status status="PASS" start="2025-12-01T20:55:42.584349" elapsed="0.000831"/>
</kw>
<kw name="Should Be True" owner="BuiltIn">
<arg>${response.json()}[success]</arg>
<doc>Fails if the given condition is not true.</doc>
<status status="PASS" start="2025-12-01T20:55:42.585783" elapsed="0.000969"/>
</kw>
<kw name="Should Not Be Empty" owner="BuiltIn">
<msg time="2025-12-01T20:55:42.588230" level="INFO">Length is 24.</msg>
<arg>${response.json()}[data][id]</arg>
<doc>Verifies that the given item is not empty.</doc>
<status status="PASS" start="2025-12-01T20:55:42.587293" elapsed="0.001045"/>
</kw>
<kw name="Should Be Equal" owner="BuiltIn">
<arg>${response.json()}[data][name]</arg>
<arg>Claudia</arg>
<doc>Fails if the given objects are unequal.</doc>
<status status="PASS" start="2025-12-01T20:55:42.589393" elapsed="0.001073"/>
</kw>
<kw name="Should Be Equal" owner="BuiltIn">
<arg>${response.json()}[data][email]</arg>
<arg>${email}</arg>
<doc>Fails if the given objects are unequal.</doc>
<status status="PASS" start="2025-12-01T20:55:42.591015" elapsed="0.001079"/>
</kw>
<kw name="Should Not Be Empty" owner="BuiltIn">
<msg time="2025-12-01T20:55:42.593389" level="INFO">Length is 64.</msg>
<arg>${response.json()}[data][token]</arg>
<doc>Verifies that the given item is not empty.</doc>
<status status="PASS" start="2025-12-01T20:55:42.592628" elapsed="0.000833"/>
</kw>
<doc>Verifica que un POST a /users/login devuelve datos usuario y token.</doc>
<status status="PASS" start="2025-12-01T20:55:39.516476" elapsed="3.077391"/>
</test>
<status status="PASS" start="2025-12-01T20:55:35.122224" elapsed="7.473359"/>
</suite>
<statistics>
<total>
<stat pass="3" fail="0" skip="0">All Tests</stat>
</total>
<tag>
</tag>
<suite>
<stat name="Challenge1 Claudiav" id="s1" pass="3" fail="0" skip="0">Challenge1 Claudiav</stat>
</suite>
</statistics>
<errors>
</errors>
</robot>
