<?xml version="1.0" encoding="UTF-8"?>
<robot generator="Robot 7.3.2 (Python 3.13.7 on win32)" generated="2026-01-14T21:00:58.577128" rpa="false" schemaversion="5">
<suite id="s1" name="Tests" source="C:\ArchivosClaudia\qaxpert_training\APIS\qa-automation-apis-robot-framework\Delivery\Claudia_Villarroel\stage_2\api_testing_robot_qax\tests">
<suite id="s1-s1" name="Test Post Api" source="C:\ArchivosClaudia\qaxpert_training\APIS\qa-automation-apis-robot-framework\Delivery\Claudia_Villarroel\stage_2\api_testing_robot_qax\tests\test_post_api.robot">
<test id="s1-s1-t1" name="Validar creación exitosa de un nuevo post" line="6">
<kw name="When El usuario crea un nuevo post" owner="doPost">
<kw name="Set Variable" owner="BuiltIn">
<msg time="2026-01-14T21:00:58.908446" level="INFO">${payload_path} = C:\ArchivosClaudia\qaxpert_training\APIS\qa-automation-apis-robot-framework\Delivery\Claudia_Villarroel\stage_2\api_testing_robot_qax\data\post.json</msg>
<var>${payload_path}</var>
<arg>${DATA_PATH}${/}${payload_filename}</arg>
<doc>Returns the given values which can then be assigned to a variables.</doc>
<status status="PASS" start="2026-01-14T21:00:58.908183" elapsed="0.000305"/>
</kw>
<kw name="Load Json From File" owner="JSONLibrary">
<msg time="2026-01-14T21:00:58.909281" level="INFO">${payload} = {'title': 'QAX: Apis con Robot Framework', 'body': 'Automatizando como un Ninja For Testing', 'userId': 420}</msg>
<var>${payload}</var>
<arg>${payload_path}</arg>
<doc>Load JSON from file.</doc>
<status status="PASS" start="2026-01-14T21:00:58.908651" elapsed="0.000668"/>
</kw>
<kw name="POST" owner="RequestsLibrary">
<msg time="2026-01-14T21:00:58.917150" level="FAIL">ConnectionError: HTTPSConnectionPool(host='jsonplaceholder.typicode.com%20', port=443): Max retries exceeded with url: /posts (Caused by NameResolutionError("HTTPSConnection(host='jsonplaceholder.typicode.com%20', port=443): Failed to resolve 'jsonplaceholder.typicode.com%20' ([Errno 11001] getaddrinfo failed)"))</msg>
<var>${response}</var>
<arg>url=${ENDPOINT_POST}</arg>
<arg>json=${payload}</arg>
<arg>headers=${HEADERS}</arg>
<doc>Sends a POST request.</doc>
<status status="FAIL" start="2026-01-14T21:00:58.909447" elapsed="0.022284">ConnectionError: HTTPSConnectionPool(host='jsonplaceholder.typicode.com%20', port=443): Max retries exceeded with url: /posts (Caused by NameResolutionError("HTTPSConnection(host='jsonplaceholder.typicode.com%20', port=443): Failed to resolve 'jsonplaceholder.typicode.com%20' ([Errno 11001] getaddrinfo failed)"))</status>
</kw>
<kw name="Set Global Variable" owner="BuiltIn">
<arg>${response}</arg>
<doc>Makes a variable available globally in all tests and suites.</doc>
<status status="NOT RUN" start="2026-01-14T21:00:58.931920" elapsed="0.000026"/>
</kw>
<kw name="Set Global Variable" owner="BuiltIn">
<arg>${payload}</arg>
<doc>Makes a variable available globally in all tests and suites.</doc>
<status status="NOT RUN" start="2026-01-14T21:00:58.932030" elapsed="0.000016"/>
</kw>
<doc>El usuario crea un nuevo post en el endpoint /posts utilizando
el método POST y un cuerpo JSON por defecto.</doc>
<status status="FAIL" start="2026-01-14T21:00:58.906869" elapsed="0.025289">ConnectionError: HTTPSConnectionPool(host='jsonplaceholder.typicode.com%20', port=443): Max retries exceeded with url: /posts (Caused by NameResolutionError("HTTPSConnection(host='jsonplaceholder.typicode.com%20', port=443): Failed to resolve 'jsonplaceholder.typicode.com%20' ([Errno 11001] getaddrinfo failed)"))</status>
</kw>
<kw name="Then El código de respuesta debe ser 201" owner="doPost">
<doc>Valida el estado de la respuesta</doc>
<status status="NOT RUN" start="2026-01-14T21:00:58.932853" elapsed="0.000035"/>
</kw>
<kw name="And La respuesta debe contener un campo &quot;id&quot;" owner="doPost">
<doc>Valida que la respuesta contenga la llave id</doc>
<status status="NOT RUN" start="2026-01-14T21:00:58.933225" elapsed="0.000062"/>
</kw>
<kw name="And Los campos &quot;title&quot;, &quot;body&quot; y &quot;userId&quot; deben coincidir con lo enviado" owner="doPost">
<doc>Valida que los valores del response corresponde el payload incial</doc>
<status status="NOT RUN" start="2026-01-14T21:00:58.933621" elapsed="0.000028"/>
</kw>
<doc>Este caso de prueba verifica que, al crear un nuevo post,
se recibe una respuesta con código 201, que contiene un campo "id" generado
y que los campos "title", "body" y "userId" coinciden con la información enviada.</doc>
<status status="FAIL" start="2026-01-14T21:00:58.905721" elapsed="0.028236">ConnectionError: HTTPSConnectionPool(host='jsonplaceholder.typicode.com%20', port=443): Max retries exceeded with url: /posts (Caused by NameResolutionError("HTTPSConnection(host='jsonplaceholder.typicode.com%20', port=443): Failed to resolve 'jsonplaceholder.typicode.com%20' ([Errno 11001] getaddrinfo failed)"))</status>
</test>
<doc>Pruebas para el endpoint /posts de la API JSONPlaceholder</doc>
<status status="FAIL" start="2026-01-14T21:00:58.618905" elapsed="0.316528"/>
</suite>
<suite id="s1-s2" name="Test User Api" source="C:\ArchivosClaudia\qaxpert_training\APIS\qa-automation-apis-robot-framework\Delivery\Claudia_Villarroel\stage_2\api_testing_robot_qax\tests\test_user_api.robot">
<test id="s1-s2-t1" name="Validar Get user" line="6">
<kw name="When El usuario ejecuta un GET">
<msg time="2026-01-14T21:00:58.943369" level="FAIL">No keyword with name 'When El usuario ejecuta un GET' found.</msg>
<status status="FAIL" start="2026-01-14T21:00:58.943264" elapsed="0.000185">No keyword with name 'When El usuario ejecuta un GET' found.</status>
</kw>
<kw name="Then El código de respuesta debe ser 200">
<status status="NOT RUN" start="2026-01-14T21:00:58.944540" elapsed="0.000049"/>
</kw>
<kw name="And La respuesta debe contener una lista de usuarios">
<status status="NOT RUN" start="2026-01-14T21:00:58.945154" elapsed="0.000025"/>
</kw>
<kw name="And deben desplegarse los campos &quot;id&quot; , &quot;name&quot;, &quot;username&quot;, &quot;email&quot; deben coincidir con lo enviado">
<status status="NOT RUN" start="2026-01-14T21:00:58.945709" elapsed="0.000025"/>
</kw>
<doc>Este caso de prueba verifica que, al ejecutar un Get user,
se recibe una respuesta con código 200 y retorna una lista de usuarios.</doc>
<status status="FAIL" start="2026-01-14T21:00:58.940761" elapsed="0.005324">No keyword with name 'When El usuario ejecuta un GET' found.</status>
</test>
<doc>Pruebas para el endpoint/user de la API JSONPlaceholder</doc>
<status status="FAIL" start="2026-01-14T21:00:58.936919" elapsed="0.010256"/>
</suite>
<status status="FAIL" start="2026-01-14T21:00:58.580710" elapsed="0.367732"/>
</suite>
<statistics>
<total>
<stat pass="0" fail="2" skip="0">All Tests</stat>
</total>
<tag>
</tag>
<suite>
<stat name="Tests" id="s1" pass="0" fail="2" skip="0">Tests</stat>
<stat name="Test Post Api" id="s1-s1" pass="0" fail="1" skip="0">Tests.Test Post Api</stat>
<stat name="Test User Api" id="s1-s2" pass="0" fail="1" skip="0">Tests.Test User Api</stat>
</suite>
</statistics>
<errors>
<msg time="2026-01-14T21:00:58.939425" level="ERROR">Error in file 'C:\ArchivosClaudia\qaxpert_training\APIS\qa-automation-apis-robot-framework\Delivery\Claudia_Villarroel\stage_2\api_testing_robot_qax\tests\test_user_api.robot' on line 3: Resource file '..\resource\keywords\doGet.resource' does not exist.</msg>
</errors>
</robot>
