<?xml version="1.0" encoding="UTF-8"?>
<robot generator="Robot 7.3.2 (Python 3.13.7 on win32)" generated="2025-12-03T13:05:45.549022" rpa="false" schemaversion="5">
<suite id="s1" name="mision1 TheSimpsonclauv" source="C:\ArchivosClaudia\qaxpert_training\APIS\qa-automation-apis-robot-framework\Stage_1\Mission\mision1_TheSimpsonclauv.robot">
<kw name="Create Simpsons Session" type="SETUP">
<kw name="Create Session" owner="RequestsLibrary">
<msg time="2025-12-03T13:05:45.784100" level="INFO">Creating Session using : alias=simpsons, url=https://thesimpsonsapi.com/api, headers={},                     cookies={}, auth=None, timeout=None, proxies=None, verify=False,                     debug=0 </msg>
<arg>simpsons</arg>
<arg>${BASE_URL}</arg>
<doc>Create Session: create a HTTP session to a server</doc>
<status status="PASS" start="2025-12-03T13:05:45.783824" elapsed="0.000514"/>
</kw>
<status status="PASS" start="2025-12-03T13:05:45.782400" elapsed="0.002044"/>
</kw>
<test id="s1-t1" name="TC01 Status 200 contrato base" line="34">
<kw name="Get Request" owner="RequestsLibrary">
<msg time="2025-12-03T13:05:45.785072" level="WARN">Keyword 'RequestsLibrary.Get Request' is deprecated. Please use `GET On Session` instead.</msg>
<msg time="2025-12-03T13:05:45.786600" level="FAIL">Keyword 'RequestsLibrary.Get Request' expected 2 to 8 arguments, got 1.</msg>
<var>${resp}</var>
<arg>${BASE_URL} / ${ENDPOINT_CHARACTERS}</arg>
<doc>*DEPRECATED* Please use `GET On Session` instead.</doc>
<status status="FAIL" start="2025-12-03T13:05:45.785042" elapsed="0.001695">Keyword 'RequestsLibrary.Get Request' expected 2 to 8 arguments, got 1.</status>
</kw>
<kw name="Should Be Equal As Integers" owner="BuiltIn">
<arg>${resp.status_code}</arg>
<arg>200</arg>
<doc>Fails if objects are unequal after converting them to integers.</doc>
<status status="NOT RUN" start="2025-12-03T13:05:45.787229" elapsed="0.000048"/>
</kw>
<kw name="Should Contain" owner="BuiltIn">
<arg>${resp.headers["Content-Type"]}</arg>
<arg>application/json</arg>
<doc>Fails if ``container`` does not contain ``item`` one or more times.</doc>
<status status="NOT RUN" start="2025-12-03T13:05:45.787690" elapsed="0.000034"/>
</kw>
<kw name="To Json" owner="RequestsLibrary">
<msg time="2025-12-03T13:05:45.788103" level="WARN">Keyword 'RequestsLibrary.To Json' is deprecated. Please use ${resp.json()} instead. Have a look at the improved HTML output as pretty printing replacement.</msg>
<var>${json}</var>
<arg>${resp.content}</arg>
<doc>*DEPRECATED* Please use ${resp.json()} instead. Have a look at the improved HTML output as pretty printing replacement.</doc>
<status status="NOT RUN" start="2025-12-03T13:05:45.788052" elapsed="0.000561"/>
</kw>
<kw name="Dictionary Should Contain Key" owner="Collections">
<arg>${json}</arg>
<arg>count</arg>
<doc>Fails if ``key`` is not found from ``dictionary``.</doc>
<status status="NOT RUN" start="2025-12-03T13:05:45.789064" elapsed="0.000119"/>
</kw>
<kw name="Dictionary Should Contain Key" owner="Collections">
<arg>${json}</arg>
<arg>next</arg>
<doc>Fails if ``key`` is not found from ``dictionary``.</doc>
<status status="NOT RUN" start="2025-12-03T13:05:45.791747" elapsed="0.000087"/>
</kw>
<kw name="Dictionary Should Contain Key" owner="Collections">
<arg>${json}</arg>
<arg>prev</arg>
<doc>Fails if ``key`` is not found from ``dictionary``.</doc>
<status status="NOT RUN" start="2025-12-03T13:05:45.792367" elapsed="0.000064"/>
</kw>
<kw name="Dictionary Should Contain Key" owner="Collections">
<arg>${json}</arg>
<arg>pages</arg>
<doc>Fails if ``key`` is not found from ``dictionary``.</doc>
<status status="NOT RUN" start="2025-12-03T13:05:45.792782" elapsed="0.000029"/>
</kw>
<kw name="Dictionary Should Contain Key" owner="Collections">
<arg>${json}</arg>
<arg>results</arg>
<doc>Fails if ``key`` is not found from ``dictionary``.</doc>
<status status="NOT RUN" start="2025-12-03T13:05:45.793105" elapsed="0.000026"/>
</kw>
<status status="FAIL" start="2025-12-03T13:05:45.784538" elapsed="0.009391">Keyword 'RequestsLibrary.Get Request' expected 2 to 8 arguments, got 1.</status>
</test>
<test id="s1-t2" name="TC02 Validar tipos de datos del contrato base" line="45">
<kw name="Get Request" owner="RequestsLibrary">
<msg time="2025-12-03T13:05:45.796741" level="WARN">Keyword 'RequestsLibrary.Get Request' is deprecated. Please use `GET On Session` instead.</msg>
<msg time="2025-12-03T13:05:46.717970" level="INFO">GET Request : url=https://thesimpsonsapi.com/api/characters 
 path_url=/api/characters 
 headers={'User-Agent': 'python-requests/2.32.5', 'Accept-Encoding': 'gzip, deflate', 'Accept': '*/*', 'Connection': 'keep-alive'} 
 body=None 
 </msg>
<msg time="2025-12-03T13:05:46.718124" level="INFO">GET Response : url=https://thesimpsonsapi.com/api/characters 
 status=200, reason=OK 
 headers={'Content-Type': 'application/json; charset=utf-8', 'Transfer-Encoding': 'chunked', 'Connection': 'keep-alive', 'Date': 'Thu, 02 Oct 2025 13:28:46 GMT', 'X-XSS-Protection': '0', 'access-control-allow-origin': '*', 'Origin-Agent-Cluster': '?1', 'Referrer-Policy': 'no-referrer', 'Strict-Transport-Security': 'max-age=15552000; includeSubDomains', 'X-Content-Type-Options': 'nosniff', 'X-DNS-Prefetch-Control': 'off', 'X-Download-Options': 'noopen', 'X-Frame-Options': 'SAMEORIGIN', 'X-Permitted-Cross-Domain-Policies': 'none', 'Content-Encoding': 'gzip', 'Vary': 'accept-encoding', 'X-Cache': 'Hit from cloudfront', 'Via': '1.1 8b0b556682aca246cac2962455e370be.cloudfront.net (CloudFront)', 'X-Amz-Cf-Pop': 'LIM50-P1', 'Alt-Svc': 'h3=":443"; ma=86400', 'X-Amz-Cf-Id': 'jo8aEeOmtEbi-oqlg9u6UL7Taiiexsh2VLQvcYijROur6NNLm8TDjQ==', 'Age': '5369820'} 
 body={"count":1182,"next":"https://thesimpsonsapi.com/api/characters?page=2","prev":null,"pages":60,"results":[{"id":1,"age":39,"birthdate":"1956-05-12","gender":"Male","name":"Homer Simpson","occupation":"Safety Inspector","portrait_path":"/character/1.webp","phrases":["Doh!","Why you little...!","Woo-hoo!","Mmm... (food)... *drooling*","Stupid Flanders!","Shut up Flanders!","AAAAGHH!","Lisa, knock off that racket!","Uh oh, the boss.","Lets all go out for frosty chocolate milkshakes!","Whatever, Ill be at Moes.","I am evil Ho-mer! I am evil Ho-mer! I am evil Ho-mer!","Better them than me.","Better them than me... Oh wait, that was me.","Marge, my face hurts again!"],"status":"Alive"},{"id":2,"age":39,"birthdate":null,"gender":"Female","name":"Marge Simpson","occupation":"Unemployed","portrait_path":"/character/2.webp","phrases":["Hrmmm...","Now its Marges time to shine!","Oh!","Oh, Homie!","Its true. Women arent very good drivers."],"status":"Alive"},{"id":3,"age":10,"birthdate":"1980-02-23","gender":"Male","name":"Bart Simpson","occupation":"Student at Springfield Elementary School","portrait_path":"/character/3.webp","phrases":["¡Ay Caramba!","Eat my shorts!","I didnt do it!","Dont have a cow, man.","I’m Bart Simpson, who the hell are you?","Aah! Sideshow Bob!","Nobody better lay a finger on my Butterfinger!","I didnt think it was physically possible, but this both sucks and blows."],"status":"Alive"},{"id":4,"age":8,"birthdate":"1982-05-09","gender":"Female","name":"Lisa Simpson","occupation":"Student at Springfield Elementary School, CTU Agent, Hall-monitor, Member of PETA","portrait_path":"/character/4.webp","phrases":["Well, I wish you wouldnt. Because, aside from the fact that he has the same frailties as all human beings, hes the only father I have. Therefore, he is my model of manhood, and my estimation of him will govern the prospects of my adult relationships. So I hope you bear in mind that any knock at him is a knock at me. And I am far too young to defend myself against such onslaughts.","Bart!","If anyone wants me, Ill be in my room.","Quit it, Bart!","BAAAAART!!","Mommy.","David Hasselhoff.","Homer.","Having never received encouragement, Im not sure how it should sound, but here goes: I believe in you.","Shut up, Meg.","The truth must be told.","I hope these are recyclable.","Yeah, Bart!"],"status":"Alive"},{"id":5,"age":1,"birthdate":"1990-11-07","gender":"Female","name":"Maggie Simpson","occupation":"Unknown","portrait_path":"/character/5.webp","phrases":["*suck-suck*","Good night.","Daddy."],"status":"Alive"},{"id":6,"age":null,"birthdate":null,"gender":"Male","name":"Abe Simpson II","occupation":"Retired","portrait_path":"/character/6.webp","phrases":["Ahh!","Im Santa? Oh, now Ill never die!","Hi, David, Im Grampa!","They pay me $800 a week to tell a cat and mouse what to do!"],"status":"Alive"},{"id":7,"age":null,"birthdate":null,"gender":"Female","name":"Patty Bouvier","occupation":"Springfield DMV Employee","portrait_path":"/character/7.webp","phrases":["Some days at the DMV, we dont let the line move at all. We call those weekdays.","Hell no! I like girls!"],"status":"Alive"},{"id":8,"age":null,"birthdate":null,"gender":"Female","name":"Selma Bouvier","occupation":"Employee of Department of Motor Vehicles","portrait_path":"/character/8.webp","phrases":["Hows my blubber in-law?","Drivers License is on me!"],"status":"Alive"},{"id":9,"age":60,"birthdate":null,"gender":"Male","name":"Ned Flanders","occupation":"The Leftorium (formerly)","portrait_path":"/character/9.webp","phrases":["Howdily-doodily, neighborino!","Hi-diddly-ho!"],"status":"Alive"},{"id":10,"age":null,"birthdate":null,"gender":"Female","name":"Maude Flanders","occupation":"Housewife (former)","portrait_path":"/character/10.webp","phrases":["I dont judge Homer or Marge. Thats for vengeful God to do.","Neddy doesnt believe in insurance. He considers it a form of gambling.","I know. They make you uncomfortable.","In many ways, Maude Flanders was a supporting player in our lives. She didnt grab our attention with memorable catchphrases, or comical accents. But, whether you noticed her or not, Maude was always there but then she was still alive in episode 6","Excuse me, Edna. I dont think were talking about love here. Were talking about S-E-X in front of the C-H-I-L-D-R-E-N."],"status":"Deceased"},{"id":11,"age":null,"birthdate":null,"gender":"Male","name":"Rod Flanders","occupation":"Student at Springfield Elementary School","portrait_path":"/character/11.webp","phrases":["Yay!!","What does gay mean??"],"status":"Alive"},{"id":12,"age":null,"birthdate":null,"gender":"Male","name":"Todd Flanders","occupation":"Student at Springfield Elementary SchoolStudent at a religious private school (formerly)","portrait_path":"/character/12.webp","phrases":["I said I dont want any damn vegetables!"],"status":"Alive"},{"id":13,"age":1381,"birthdate":"1886-09-15","gender":"Male","name":"Charles Montgomery Burns","occupation":"Owner &amp; Director of the Springfield Nuclear Power Plant","portrait_path":"/character/13.webp","phrases":["Excellent!","Release the hounds!","Smithers!","Smithers, who is this ?","Simpson, eh?","Youre fired!","Oh, Fiddlesticks!"],"status":"Alive"},{"id":14,"age":null,"birthdate":null,"gender":"Male","name":"Waylon Smithers, Jr.","occupation":"Assistant to Mr. Burns","portrait_path":"/character/14.webp","phrases":["Yes, sir?","Thats Homer Simpson, sir - one of your [put-down]s from Sector 7G.","Actually, I value every second were together: from the moment I squeeze his orange juice in the morning, till I... tuck him in at night. Hes not just my boss, hes my best friend, too.","All right, thats it. You know, I used to wonder why Mr. Burns hated humanity. Now I know. You open your heart and they mock your very decency."],"status":"Alive"},{"id":15,"age":null,"birthdate":null,"gender":"Male","name":"Krusty the Clown","occupation":"Television personality","portrait_path":"/character/15.webp","phrases":["Hey hey, kids!","Hoohoohoohahaha!","Why you little!","Im Krusty The Clown! And I Love you!"],"status":"Alive"},{"id":16,"age":null,"birthdate":null,"gender":"Male","name":"Moe Szyslak","occupation":"Bartender and Owner of Moe's Tavern","portrait_path":"/character/16.webp","phrases":["How ya doing?","Whaaaaaaat?","Whats-a-matter, Homer?","When I get a hold of you, Ill (insert threat here)","Hi ya, Midge.","Mike Rotch","Im a stupid moron with an ugly  face, and a big butt, and my butt smells, and I like to kiss my own butt."],"status":"Alive"},{"id":17,"age":47,"birthdate":null,"gender":"Male","name":"Apu Nahasapeemapetilon","occupation":"Owner of the Kwik-E-Mart","portrait_path":"/character/17.webp","phrases":["Thank you! Come again.","That is a great dishonor to my ancestors and my God, but okay.","Okay, whatever.","Alright.","I cant believe you dont shut up!","(Referring to Homer) He slept, he stole, he was rude to the customers. Still, there goes the best-damned employee a convenience store ever had."],"status":"Alive"},{"id":18,"age":57,"birthdate":"1953-07-08","gender":"Male","name":"Seymour Skinner","occupation":"Principal of Springfield Elementary School","portrait_path":"/character/18.webp","phrases":[],"status":"Alive"},{"id":19,"age":null,"birthdate":"1945-03-31","gender":"Male","name":"Gary Chalmers","occupation":"Superintendent of Springfield Elementary School","portrait_path":"/character/19.webp","phrases":["SKINNERRRRRR!","Aurora Borealis? At this time of year, at this time of day, in this part of the country, localized ENTIRELY within your kitchen..?"],"status":"Alive"},{"id":20,"age":null,"birthdate":null,"gender":"Female","name":"Edna Krabappel","occupation":"Fourth grade teacher at Springfield Elementary School (formerly)","portrait_path":"/character/20.webp","phrases":["Ha!","These tests will have no effect on your grades. They merely determine your future social status and financial success. If any.","Do what I mean, not what I say.","No matter what youve done, I always thought there was a spark of decency in you, Bart Simpson, but I was wrong. I never thought Id say this to a child, but you are bad on the inside.","Remember: if you can teach one kid one thing, then today will be a success..."],"status":"Deceased"}]} 
 </msg>
<msg time="2025-12-03T13:05:46.719391" level="INFO">C:\ArchivosClaudia\qaxpert_training\APIS\qa-automation-apis-robot-framework\Stage_1\Mission\venvMision1\Lib\site-packages\urllib3\connectionpool.py:1097: InsecureRequestWarning: Unverified HTTPS request is being made to host 'thesimpsonsapi.com'. Adding certificate verification is strongly advised. See: https://urllib3.readthedocs.io/en/latest/advanced-usage.html#tls-warnings
  warnings.warn(</msg>
<msg time="2025-12-03T13:05:46.720105" level="INFO">${resp} = &lt;Response [200]&gt;</msg>
<var>${resp}</var>
<arg>simpsons</arg>
<arg>${ENDPOINT_CHARACTERS}</arg>
<doc>*DEPRECATED* Please use `GET On Session` instead.</doc>
<status status="PASS" start="2025-12-03T13:05:45.796694" elapsed="0.923453"/>
</kw>
<kw name="To Json" owner="RequestsLibrary">
<msg time="2025-12-03T13:05:46.720590" level="WARN">Keyword 'RequestsLibrary.To Json' is deprecated. Please use ${resp.json()} instead. Have a look at the improved HTML output as pretty printing replacement.</msg>
<msg time="2025-12-03T13:05:46.722624" level="INFO">To JSON using : content={"count":1182,"next":"https://thesimpsonsapi.com/api/characters?page=2","prev":null,"pages":60,"results":[{"id":1,"age":39,"birthdate":"1956-05-12","gender":"Male","name":"Homer Simpson","occupation":"Safety Inspector","portrait_path":"/character/1.webp","phrases":["Doh!","Why you little...!","Woo-hoo!","Mmm... (food)... *drooling*","Stupid Flanders!","Shut up Flanders!","AAAAGHH!","Lisa, knock off that racket!","Uh oh, the boss.","Lets all go out for frosty chocolate milkshakes!","Whatever, Ill be at Moes.","I am evil Ho-mer! I am evil Ho-mer! I am evil Ho-mer!","Better them than me.","Better them than me... Oh wait, that was me.","Marge, my face hurts again!"],"status":"Alive"},{"id":2,"age":39,"birthdate":null,"gender":"Female","name":"Marge Simpson","occupation":"Unemployed","portrait_path":"/character/2.webp","phrases":["Hrmmm...","Now its Marges time to shine!","Oh!","Oh, Homie!","Its true. Women arent very good drivers."],"status":"Alive"},{"id":3,"age":10,"birthdate":"1980-02-23","gender":"Male","name":"Bart Simpson","occupation":"Student at Springfield Elementary School","portrait_path":"/character/3.webp","phrases":["¡Ay Caramba!","Eat my shorts!","I didnt do it!","Dont have a cow, man.","I’m Bart Simpson, who the hell are you?","Aah! Sideshow Bob!","Nobody better lay a finger on my Butterfinger!","I didnt think it was physically possible, but this both sucks and blows."],"status":"Alive"},{"id":4,"age":8,"birthdate":"1982-05-09","gender":"Female","name":"Lisa Simpson","occupation":"Student at Springfield Elementary School, CTU Agent, Hall-monitor, Member of PETA","portrait_path":"/character/4.webp","phrases":["Well, I wish you wouldnt. Because, aside from the fact that he has the same frailties as all human beings, hes the only father I have. Therefore, he is my model of manhood, and my estimation of him will govern the prospects of my adult relationships. So I hope you bear in mind that any knock at him is a knock at me. And I am far too young to defend myself against such onslaughts.","Bart!","If anyone wants me, Ill be in my room.","Quit it, Bart!","BAAAAART!!","Mommy.","David Hasselhoff.","Homer.","Having never received encouragement, Im not sure how it should sound, but here goes: I believe in you.","Shut up, Meg.","The truth must be told.","I hope these are recyclable.","Yeah, Bart!"],"status":"Alive"},{"id":5,"age":1,"birthdate":"1990-11-07","gender":"Female","name":"Maggie Simpson","occupation":"Unknown","portrait_path":"/character/5.webp","phrases":["*suck-suck*","Good night.","Daddy."],"status":"Alive"},{"id":6,"age":null,"birthdate":null,"gender":"Male","name":"Abe Simpson II","occupation":"Retired","portrait_path":"/character/6.webp","phrases":["Ahh!","Im Santa? Oh, now Ill never die!","Hi, David, Im Grampa!","They pay me $800 a week to tell a cat and mouse what to do!"],"status":"Alive"},{"id":7,"age":null,"birthdate":null,"gender":"Female","name":"Patty Bouvier","occupation":"Springfield DMV Employee","portrait_path":"/character/7.webp","phrases":["Some days at the DMV, we dont let the line move at all. We call those weekdays.","Hell no! I like girls!"],"status":"Alive"},{"id":8,"age":null,"birthdate":null,"gender":"Female","name":"Selma Bouvier","occupation":"Employee of Department of Motor Vehicles","portrait_path":"/character/8.webp","phrases":["Hows my blubber in-law?","Drivers License is on me!"],"status":"Alive"},{"id":9,"age":60,"birthdate":null,"gender":"Male","name":"Ned Flanders","occupation":"The Leftorium (formerly)","portrait_path":"/character/9.webp","phrases":["Howdily-doodily, neighborino!","Hi-diddly-ho!"],"status":"Alive"},{"id":10,"age":null,"birthdate":null,"gender":"Female","name":"Maude Flanders","occupation":"Housewife (former)","portrait_path":"/character/10.webp","phrases":["I dont judge Homer or Marge. Thats for vengeful God to do.","Neddy doesnt believe in insurance. He considers it a form of gambling.","I know. They make you uncomfortable.","In many ways, Maude Flanders was a supporting player in our lives. She didnt grab our attention with memorable catchphrases, or comical accents. But, whether you noticed her or not, Maude was always there but then she was still alive in episode 6","Excuse me, Edna. I dont think were talking about love here. Were talking about S-E-X in front of the C-H-I-L-D-R-E-N."],"status":"Deceased"},{"id":11,"age":null,"birthdate":null,"gender":"Male","name":"Rod Flanders","occupation":"Student at Springfield Elementary School","portrait_path":"/character/11.webp","phrases":["Yay!!","What does gay mean??"],"status":"Alive"},{"id":12,"age":null,"birthdate":null,"gender":"Male","name":"Todd Flanders","occupation":"Student at Springfield Elementary SchoolStudent at a religious private school (formerly)","portrait_path":"/character/12.webp","phrases":["I said I dont want any damn vegetables!"],"status":"Alive"},{"id":13,"age":1381,"birthdate":"1886-09-15","gender":"Male","name":"Charles Montgomery Burns","occupation":"Owner &amp; Director of the Springfield Nuclear Power Plant","portrait_path":"/character/13.webp","phrases":["Excellent!","Release the hounds!","Smithers!","Smithers, who is this ?","Simpson, eh?","Youre fired!","Oh, Fiddlesticks!"],"status":"Alive"},{"id":14,"age":null,"birthdate":null,"gender":"Male","name":"Waylon Smithers, Jr.","occupation":"Assistant to Mr. Burns","portrait_path":"/character/14.webp","phrases":["Yes, sir?","Thats Homer Simpson, sir - one of your [put-down]s from Sector 7G.","Actually, I value every second were together: from the moment I squeeze his orange juice in the morning, till I... tuck him in at night. Hes not just my boss, hes my best friend, too.","All right, thats it. You know, I used to wonder why Mr. Burns hated humanity. Now I know. You open your heart and they mock your very decency."],"status":"Alive"},{"id":15,"age":null,"birthdate":null,"gender":"Male","name":"Krusty the Clown","occupation":"Television personality","portrait_path":"/character/15.webp","phrases":["Hey hey, kids!","Hoohoohoohahaha!","Why you little!","Im Krusty The Clown! And I Love you!"],"status":"Alive"},{"id":16,"age":null,"birthdate":null,"gender":"Male","name":"Moe Szyslak","occupation":"Bartender and Owner of Moe's Tavern","portrait_path":"/character/16.webp","phrases":["How ya doing?","Whaaaaaaat?","Whats-a-matter, Homer?","When I get a hold of you, Ill (insert threat here)","Hi ya, Midge.","Mike Rotch","Im a stupid moron with an ugly  face, and a big butt, and my butt smells, and I like to kiss my own butt."],"status":"Alive"},{"id":17,"age":47,"birthdate":null,"gender":"Male","name":"Apu Nahasapeemapetilon","occupation":"Owner of the Kwik-E-Mart","portrait_path":"/character/17.webp","phrases":["Thank you! Come again.","That is a great dishonor to my ancestors and my God, but okay.","Okay, whatever.","Alright.","I cant believe you dont shut up!","(Referring to Homer) He slept, he stole, he was rude to the customers. Still, there goes the best-damned employee a convenience store ever had."],"status":"Alive"},{"id":18,"age":57,"birthdate":"1953-07-08","gender":"Male","name":"Seymour Skinner","occupation":"Principal of Springfield Elementary School","portrait_path":"/character/18.webp","phrases":[],"status":"Alive"},{"id":19,"age":null,"birthdate":"1945-03-31","gender":"Male","name":"Gary Chalmers","occupation":"Superintendent of Springfield Elementary School","portrait_path":"/character/19.webp","phrases":["SKINNERRRRRR!","Aurora Borealis? At this time of year, at this time of day, in this part of the country, localized ENTIRELY within your kitchen..?"],"status":"Alive"},{"id":20,"age":null,"birthdate":null,"gender":"Female","name":"Edna Krabappel","occupation":"Fourth grade teacher at Springfield Elementary School (formerly)","portrait_path":"/character/20.webp","phrases":["Ha!","These tests will have no effect on your grades. They merely determine your future social status and financial success. If any.","Do what I mean, not what I say.","No matter what youve done, I always thought there was a spark of decency in you, Bart Simpson, but I was wrong. I never thought Id say this to a child, but you are bad on the inside.","Remember: if you can teach one kid one thing, then today will be a success..."],"status":"Deceased"}]} </msg>
<msg time="2025-12-03T13:05:46.723569" level="INFO">To JSON using : pretty_print=False </msg>
<msg time="2025-12-03T13:05:46.725198" level="INFO">${json} = {'count': 1182, 'next': 'https://thesimpsonsapi.com/api/characters?page=2', 'prev': None, 'pages': 60, 'results': [{'id': 1, 'age': 39, 'birthdate': '1956-05-12', 'gender': 'Male', 'name': 'Homer Simp...</msg>
<var>${json}</var>
<arg>${resp.content}</arg>
<doc>*DEPRECATED* Please use ${resp.json()} instead. Have a look at the improved HTML output as pretty printing replacement.</doc>
<status status="PASS" start="2025-12-03T13:05:46.720550" elapsed="0.004775"/>
</kw>
<kw name="Should Be True" owner="BuiltIn">
<arg>isinstance(${json["count"]}, int)</arg>
<doc>Fails if the given condition is not true.</doc>
<status status="PASS" start="2025-12-03T13:05:46.726339" elapsed="0.001123"/>
</kw>
<kw name="Should Be True" owner="BuiltIn">
<msg time="2025-12-03T13:05:46.730394" level="FAIL">Evaluating expression 'https://thesimpsonsapi.com/api/characters?page=2 == None or isinstance(https://thesimpsonsapi.com/api/characters?page=2, str)' failed: SyntaxError: invalid syntax (&lt;string&gt;, line 1)</msg>
<arg>${json["next"]} == None or isinstance(${json["next"]}, str)</arg>
<doc>Fails if the given condition is not true.</doc>
<status status="FAIL" start="2025-12-03T13:05:46.728324" elapsed="0.002341">Evaluating expression 'https://thesimpsonsapi.com/api/characters?page=2 == None or isinstance(https://thesimpsonsapi.com/api/characters?page=2, str)' failed: SyntaxError: invalid syntax (&lt;string&gt;, line 1)</status>
</kw>
<kw name="Should Be True" owner="BuiltIn">
<arg>${json["prev"]} == None or isinstance(${json["prev"]}, str)</arg>
<doc>Fails if the given condition is not true.</doc>
<status status="NOT RUN" start="2025-12-03T13:05:46.731182" elapsed="0.000032"/>
</kw>
<kw name="Should Be True" owner="BuiltIn">
<arg>isinstance(${json["pages"]}, int)</arg>
<doc>Fails if the given condition is not true.</doc>
<status status="NOT RUN" start="2025-12-03T13:05:46.731482" elapsed="0.000025"/>
</kw>
<kw name="Should Be True" owner="BuiltIn">
<arg>isinstance(${json["results"]}, list)</arg>
<doc>Fails if the given condition is not true.</doc>
<status status="NOT RUN" start="2025-12-03T13:05:46.731864" elapsed="0.000027"/>
</kw>
<status status="FAIL" start="2025-12-03T13:05:45.795675" elapsed="0.936600">Evaluating expression 'https://thesimpsonsapi.com/api/characters?page=2 == None or isinstance(https://thesimpsonsapi.com/api/characters?page=2, str)' failed: SyntaxError: invalid syntax (&lt;string&gt;, line 1)</status>
</test>
<test id="s1-t3" name="TC03 Validar estructura mínima de los personajes" line="54">
<kw name="Get Request" owner="RequestsLibrary">
<msg time="2025-12-03T13:05:46.734485" level="WARN">Keyword 'RequestsLibrary.Get Request' is deprecated. Please use `GET On Session` instead.</msg>
<msg time="2025-12-03T13:05:46.782362" level="INFO">GET Request : url=https://thesimpsonsapi.com/api/characters 
 path_url=/api/characters 
 headers={'User-Agent': 'python-requests/2.32.5', 'Accept-Encoding': 'gzip, deflate', 'Accept': '*/*', 'Connection': 'keep-alive'} 
 body=None 
 </msg>
<msg time="2025-12-03T13:05:46.782480" level="INFO">GET Response : url=https://thesimpsonsapi.com/api/characters 
 status=200, reason=OK 
 headers={'Content-Type': 'application/json; charset=utf-8', 'Transfer-Encoding': 'chunked', 'Connection': 'keep-alive', 'Date': 'Thu, 02 Oct 2025 13:28:46 GMT', 'X-XSS-Protection': '0', 'access-control-allow-origin': '*', 'Origin-Agent-Cluster': '?1', 'Referrer-Policy': 'no-referrer', 'Strict-Transport-Security': 'max-age=15552000; includeSubDomains', 'X-Content-Type-Options': 'nosniff', 'X-DNS-Prefetch-Control': 'off', 'X-Download-Options': 'noopen', 'X-Frame-Options': 'SAMEORIGIN', 'X-Permitted-Cross-Domain-Policies': 'none', 'Content-Encoding': 'gzip', 'Vary': 'accept-encoding', 'X-Cache': 'Hit from cloudfront', 'Via': '1.1 8b0b556682aca246cac2962455e370be.cloudfront.net (CloudFront)', 'X-Amz-Cf-Pop': 'LIM50-P1', 'Alt-Svc': 'h3=":443"; ma=86400', 'X-Amz-Cf-Id': 'g_wyAFLuBPxk7q1SQko3QBImsAc4Rsj-CFqJMpzd19XWbnL60KpCbA==', 'Age': '5369820'} 
 body={"count":1182,"next":"https://thesimpsonsapi.com/api/characters?page=2","prev":null,"pages":60,"results":[{"id":1,"age":39,"birthdate":"1956-05-12","gender":"Male","name":"Homer Simpson","occupation":"Safety Inspector","portrait_path":"/character/1.webp","phrases":["Doh!","Why you little...!","Woo-hoo!","Mmm... (food)... *drooling*","Stupid Flanders!","Shut up Flanders!","AAAAGHH!","Lisa, knock off that racket!","Uh oh, the boss.","Lets all go out for frosty chocolate milkshakes!","Whatever, Ill be at Moes.","I am evil Ho-mer! I am evil Ho-mer! I am evil Ho-mer!","Better them than me.","Better them than me... Oh wait, that was me.","Marge, my face hurts again!"],"status":"Alive"},{"id":2,"age":39,"birthdate":null,"gender":"Female","name":"Marge Simpson","occupation":"Unemployed","portrait_path":"/character/2.webp","phrases":["Hrmmm...","Now its Marges time to shine!","Oh!","Oh, Homie!","Its true. Women arent very good drivers."],"status":"Alive"},{"id":3,"age":10,"birthdate":"1980-02-23","gender":"Male","name":"Bart Simpson","occupation":"Student at Springfield Elementary School","portrait_path":"/character/3.webp","phrases":["¡Ay Caramba!","Eat my shorts!","I didnt do it!","Dont have a cow, man.","I’m Bart Simpson, who the hell are you?","Aah! Sideshow Bob!","Nobody better lay a finger on my Butterfinger!","I didnt think it was physically possible, but this both sucks and blows."],"status":"Alive"},{"id":4,"age":8,"birthdate":"1982-05-09","gender":"Female","name":"Lisa Simpson","occupation":"Student at Springfield Elementary School, CTU Agent, Hall-monitor, Member of PETA","portrait_path":"/character/4.webp","phrases":["Well, I wish you wouldnt. Because, aside from the fact that he has the same frailties as all human beings, hes the only father I have. Therefore, he is my model of manhood, and my estimation of him will govern the prospects of my adult relationships. So I hope you bear in mind that any knock at him is a knock at me. And I am far too young to defend myself against such onslaughts.","Bart!","If anyone wants me, Ill be in my room.","Quit it, Bart!","BAAAAART!!","Mommy.","David Hasselhoff.","Homer.","Having never received encouragement, Im not sure how it should sound, but here goes: I believe in you.","Shut up, Meg.","The truth must be told.","I hope these are recyclable.","Yeah, Bart!"],"status":"Alive"},{"id":5,"age":1,"birthdate":"1990-11-07","gender":"Female","name":"Maggie Simpson","occupation":"Unknown","portrait_path":"/character/5.webp","phrases":["*suck-suck*","Good night.","Daddy."],"status":"Alive"},{"id":6,"age":null,"birthdate":null,"gender":"Male","name":"Abe Simpson II","occupation":"Retired","portrait_path":"/character/6.webp","phrases":["Ahh!","Im Santa? Oh, now Ill never die!","Hi, David, Im Grampa!","They pay me $800 a week to tell a cat and mouse what to do!"],"status":"Alive"},{"id":7,"age":null,"birthdate":null,"gender":"Female","name":"Patty Bouvier","occupation":"Springfield DMV Employee","portrait_path":"/character/7.webp","phrases":["Some days at the DMV, we dont let the line move at all. We call those weekdays.","Hell no! I like girls!"],"status":"Alive"},{"id":8,"age":null,"birthdate":null,"gender":"Female","name":"Selma Bouvier","occupation":"Employee of Department of Motor Vehicles","portrait_path":"/character/8.webp","phrases":["Hows my blubber in-law?","Drivers License is on me!"],"status":"Alive"},{"id":9,"age":60,"birthdate":null,"gender":"Male","name":"Ned Flanders","occupation":"The Leftorium (formerly)","portrait_path":"/character/9.webp","phrases":["Howdily-doodily, neighborino!","Hi-diddly-ho!"],"status":"Alive"},{"id":10,"age":null,"birthdate":null,"gender":"Female","name":"Maude Flanders","occupation":"Housewife (former)","portrait_path":"/character/10.webp","phrases":["I dont judge Homer or Marge. Thats for vengeful God to do.","Neddy doesnt believe in insurance. He considers it a form of gambling.","I know. They make you uncomfortable.","In many ways, Maude Flanders was a supporting player in our lives. She didnt grab our attention with memorable catchphrases, or comical accents. But, whether you noticed her or not, Maude was always there but then she was still alive in episode 6","Excuse me, Edna. I dont think were talking about love here. Were talking about S-E-X in front of the C-H-I-L-D-R-E-N."],"status":"Deceased"},{"id":11,"age":null,"birthdate":null,"gender":"Male","name":"Rod Flanders","occupation":"Student at Springfield Elementary School","portrait_path":"/character/11.webp","phrases":["Yay!!","What does gay mean??"],"status":"Alive"},{"id":12,"age":null,"birthdate":null,"gender":"Male","name":"Todd Flanders","occupation":"Student at Springfield Elementary SchoolStudent at a religious private school (formerly)","portrait_path":"/character/12.webp","phrases":["I said I dont want any damn vegetables!"],"status":"Alive"},{"id":13,"age":1381,"birthdate":"1886-09-15","gender":"Male","name":"Charles Montgomery Burns","occupation":"Owner &amp; Director of the Springfield Nuclear Power Plant","portrait_path":"/character/13.webp","phrases":["Excellent!","Release the hounds!","Smithers!","Smithers, who is this ?","Simpson, eh?","Youre fired!","Oh, Fiddlesticks!"],"status":"Alive"},{"id":14,"age":null,"birthdate":null,"gender":"Male","name":"Waylon Smithers, Jr.","occupation":"Assistant to Mr. Burns","portrait_path":"/character/14.webp","phrases":["Yes, sir?","Thats Homer Simpson, sir - one of your [put-down]s from Sector 7G.","Actually, I value every second were together: from the moment I squeeze his orange juice in the morning, till I... tuck him in at night. Hes not just my boss, hes my best friend, too.","All right, thats it. You know, I used to wonder why Mr. Burns hated humanity. Now I know. You open your heart and they mock your very decency."],"status":"Alive"},{"id":15,"age":null,"birthdate":null,"gender":"Male","name":"Krusty the Clown","occupation":"Television personality","portrait_path":"/character/15.webp","phrases":["Hey hey, kids!","Hoohoohoohahaha!","Why you little!","Im Krusty The Clown! And I Love you!"],"status":"Alive"},{"id":16,"age":null,"birthdate":null,"gender":"Male","name":"Moe Szyslak","occupation":"Bartender and Owner of Moe's Tavern","portrait_path":"/character/16.webp","phrases":["How ya doing?","Whaaaaaaat?","Whats-a-matter, Homer?","When I get a hold of you, Ill (insert threat here)","Hi ya, Midge.","Mike Rotch","Im a stupid moron with an ugly  face, and a big butt, and my butt smells, and I like to kiss my own butt."],"status":"Alive"},{"id":17,"age":47,"birthdate":null,"gender":"Male","name":"Apu Nahasapeemapetilon","occupation":"Owner of the Kwik-E-Mart","portrait_path":"/character/17.webp","phrases":["Thank you! Come again.","That is a great dishonor to my ancestors and my God, but okay.","Okay, whatever.","Alright.","I cant believe you dont shut up!","(Referring to Homer) He slept, he stole, he was rude to the customers. Still, there goes the best-damned employee a convenience store ever had."],"status":"Alive"},{"id":18,"age":57,"birthdate":"1953-07-08","gender":"Male","name":"Seymour Skinner","occupation":"Principal of Springfield Elementary School","portrait_path":"/character/18.webp","phrases":[],"status":"Alive"},{"id":19,"age":null,"birthdate":"1945-03-31","gender":"Male","name":"Gary Chalmers","occupation":"Superintendent of Springfield Elementary School","portrait_path":"/character/19.webp","phrases":["SKINNERRRRRR!","Aurora Borealis? At this time of year, at this time of day, in this part of the country, localized ENTIRELY within your kitchen..?"],"status":"Alive"},{"id":20,"age":null,"birthdate":null,"gender":"Female","name":"Edna Krabappel","occupation":"Fourth grade teacher at Springfield Elementary School (formerly)","portrait_path":"/character/20.webp","phrases":["Ha!","These tests will have no effect on your grades. They merely determine your future social status and financial success. If any.","Do what I mean, not what I say.","No matter what youve done, I always thought there was a spark of decency in you, Bart Simpson, but I was wrong. I never thought Id say this to a child, but you are bad on the inside.","Remember: if you can teach one kid one thing, then today will be a success..."],"status":"Deceased"}]} 
 </msg>
<msg time="2025-12-03T13:05:46.782751" level="INFO">C:\ArchivosClaudia\qaxpert_training\APIS\qa-automation-apis-robot-framework\Stage_1\Mission\venvMision1\Lib\site-packages\urllib3\connectionpool.py:1097: InsecureRequestWarning: Unverified HTTPS request is being made to host 'thesimpsonsapi.com'. Adding certificate verification is strongly advised. See: https://urllib3.readthedocs.io/en/latest/advanced-usage.html#tls-warnings
  warnings.warn(</msg>
<msg time="2025-12-03T13:05:46.783194" level="INFO">${resp} = &lt;Response [200]&gt;</msg>
<var>${resp}</var>
<arg>simpsons</arg>
<arg>${ENDPOINT_CHARACTERS}</arg>
<doc>*DEPRECATED* Please use `GET On Session` instead.</doc>
<status status="PASS" start="2025-12-03T13:05:46.734427" elapsed="0.048796"/>
</kw>
<kw name="To Json" owner="RequestsLibrary">
<msg time="2025-12-03T13:05:46.783790" level="WARN">Keyword 'RequestsLibrary.To Json' is deprecated. Please use ${resp.json()} instead. Have a look at the improved HTML output as pretty printing replacement.</msg>
<msg time="2025-12-03T13:05:46.784961" level="INFO">To JSON using : content={"count":1182,"next":"https://thesimpsonsapi.com/api/characters?page=2","prev":null,"pages":60,"results":[{"id":1,"age":39,"birthdate":"1956-05-12","gender":"Male","name":"Homer Simpson","occupation":"Safety Inspector","portrait_path":"/character/1.webp","phrases":["Doh!","Why you little...!","Woo-hoo!","Mmm... (food)... *drooling*","Stupid Flanders!","Shut up Flanders!","AAAAGHH!","Lisa, knock off that racket!","Uh oh, the boss.","Lets all go out for frosty chocolate milkshakes!","Whatever, Ill be at Moes.","I am evil Ho-mer! I am evil Ho-mer! I am evil Ho-mer!","Better them than me.","Better them than me... Oh wait, that was me.","Marge, my face hurts again!"],"status":"Alive"},{"id":2,"age":39,"birthdate":null,"gender":"Female","name":"Marge Simpson","occupation":"Unemployed","portrait_path":"/character/2.webp","phrases":["Hrmmm...","Now its Marges time to shine!","Oh!","Oh, Homie!","Its true. Women arent very good drivers."],"status":"Alive"},{"id":3,"age":10,"birthdate":"1980-02-23","gender":"Male","name":"Bart Simpson","occupation":"Student at Springfield Elementary School","portrait_path":"/character/3.webp","phrases":["¡Ay Caramba!","Eat my shorts!","I didnt do it!","Dont have a cow, man.","I’m Bart Simpson, who the hell are you?","Aah! Sideshow Bob!","Nobody better lay a finger on my Butterfinger!","I didnt think it was physically possible, but this both sucks and blows."],"status":"Alive"},{"id":4,"age":8,"birthdate":"1982-05-09","gender":"Female","name":"Lisa Simpson","occupation":"Student at Springfield Elementary School, CTU Agent, Hall-monitor, Member of PETA","portrait_path":"/character/4.webp","phrases":["Well, I wish you wouldnt. Because, aside from the fact that he has the same frailties as all human beings, hes the only father I have. Therefore, he is my model of manhood, and my estimation of him will govern the prospects of my adult relationships. So I hope you bear in mind that any knock at him is a knock at me. And I am far too young to defend myself against such onslaughts.","Bart!","If anyone wants me, Ill be in my room.","Quit it, Bart!","BAAAAART!!","Mommy.","David Hasselhoff.","Homer.","Having never received encouragement, Im not sure how it should sound, but here goes: I believe in you.","Shut up, Meg.","The truth must be told.","I hope these are recyclable.","Yeah, Bart!"],"status":"Alive"},{"id":5,"age":1,"birthdate":"1990-11-07","gender":"Female","name":"Maggie Simpson","occupation":"Unknown","portrait_path":"/character/5.webp","phrases":["*suck-suck*","Good night.","Daddy."],"status":"Alive"},{"id":6,"age":null,"birthdate":null,"gender":"Male","name":"Abe Simpson II","occupation":"Retired","portrait_path":"/character/6.webp","phrases":["Ahh!","Im Santa? Oh, now Ill never die!","Hi, David, Im Grampa!","They pay me $800 a week to tell a cat and mouse what to do!"],"status":"Alive"},{"id":7,"age":null,"birthdate":null,"gender":"Female","name":"Patty Bouvier","occupation":"Springfield DMV Employee","portrait_path":"/character/7.webp","phrases":["Some days at the DMV, we dont let the line move at all. We call those weekdays.","Hell no! I like girls!"],"status":"Alive"},{"id":8,"age":null,"birthdate":null,"gender":"Female","name":"Selma Bouvier","occupation":"Employee of Department of Motor Vehicles","portrait_path":"/character/8.webp","phrases":["Hows my blubber in-law?","Drivers License is on me!"],"status":"Alive"},{"id":9,"age":60,"birthdate":null,"gender":"Male","name":"Ned Flanders","occupation":"The Leftorium (formerly)","portrait_path":"/character/9.webp","phrases":["Howdily-doodily, neighborino!","Hi-diddly-ho!"],"status":"Alive"},{"id":10,"age":null,"birthdate":null,"gender":"Female","name":"Maude Flanders","occupation":"Housewife (former)","portrait_path":"/character/10.webp","phrases":["I dont judge Homer or Marge. Thats for vengeful God to do.","Neddy doesnt believe in insurance. He considers it a form of gambling.","I know. They make you uncomfortable.","In many ways, Maude Flanders was a supporting player in our lives. She didnt grab our attention with memorable catchphrases, or comical accents. But, whether you noticed her or not, Maude was always there but then she was still alive in episode 6","Excuse me, Edna. I dont think were talking about love here. Were talking about S-E-X in front of the C-H-I-L-D-R-E-N."],"status":"Deceased"},{"id":11,"age":null,"birthdate":null,"gender":"Male","name":"Rod Flanders","occupation":"Student at Springfield Elementary School","portrait_path":"/character/11.webp","phrases":["Yay!!","What does gay mean??"],"status":"Alive"},{"id":12,"age":null,"birthdate":null,"gender":"Male","name":"Todd Flanders","occupation":"Student at Springfield Elementary SchoolStudent at a religious private school (formerly)","portrait_path":"/character/12.webp","phrases":["I said I dont want any damn vegetables!"],"status":"Alive"},{"id":13,"age":1381,"birthdate":"1886-09-15","gender":"Male","name":"Charles Montgomery Burns","occupation":"Owner &amp; Director of the Springfield Nuclear Power Plant","portrait_path":"/character/13.webp","phrases":["Excellent!","Release the hounds!","Smithers!","Smithers, who is this ?","Simpson, eh?","Youre fired!","Oh, Fiddlesticks!"],"status":"Alive"},{"id":14,"age":null,"birthdate":null,"gender":"Male","name":"Waylon Smithers, Jr.","occupation":"Assistant to Mr. Burns","portrait_path":"/character/14.webp","phrases":["Yes, sir?","Thats Homer Simpson, sir - one of your [put-down]s from Sector 7G.","Actually, I value every second were together: from the moment I squeeze his orange juice in the morning, till I... tuck him in at night. Hes not just my boss, hes my best friend, too.","All right, thats it. You know, I used to wonder why Mr. Burns hated humanity. Now I know. You open your heart and they mock your very decency."],"status":"Alive"},{"id":15,"age":null,"birthdate":null,"gender":"Male","name":"Krusty the Clown","occupation":"Television personality","portrait_path":"/character/15.webp","phrases":["Hey hey, kids!","Hoohoohoohahaha!","Why you little!","Im Krusty The Clown! And I Love you!"],"status":"Alive"},{"id":16,"age":null,"birthdate":null,"gender":"Male","name":"Moe Szyslak","occupation":"Bartender and Owner of Moe's Tavern","portrait_path":"/character/16.webp","phrases":["How ya doing?","Whaaaaaaat?","Whats-a-matter, Homer?","When I get a hold of you, Ill (insert threat here)","Hi ya, Midge.","Mike Rotch","Im a stupid moron with an ugly  face, and a big butt, and my butt smells, and I like to kiss my own butt."],"status":"Alive"},{"id":17,"age":47,"birthdate":null,"gender":"Male","name":"Apu Nahasapeemapetilon","occupation":"Owner of the Kwik-E-Mart","portrait_path":"/character/17.webp","phrases":["Thank you! Come again.","That is a great dishonor to my ancestors and my God, but okay.","Okay, whatever.","Alright.","I cant believe you dont shut up!","(Referring to Homer) He slept, he stole, he was rude to the customers. Still, there goes the best-damned employee a convenience store ever had."],"status":"Alive"},{"id":18,"age":57,"birthdate":"1953-07-08","gender":"Male","name":"Seymour Skinner","occupation":"Principal of Springfield Elementary School","portrait_path":"/character/18.webp","phrases":[],"status":"Alive"},{"id":19,"age":null,"birthdate":"1945-03-31","gender":"Male","name":"Gary Chalmers","occupation":"Superintendent of Springfield Elementary School","portrait_path":"/character/19.webp","phrases":["SKINNERRRRRR!","Aurora Borealis? At this time of year, at this time of day, in this part of the country, localized ENTIRELY within your kitchen..?"],"status":"Alive"},{"id":20,"age":null,"birthdate":null,"gender":"Female","name":"Edna Krabappel","occupation":"Fourth grade teacher at Springfield Elementary School (formerly)","portrait_path":"/character/20.webp","phrases":["Ha!","These tests will have no effect on your grades. They merely determine your future social status and financial success. If any.","Do what I mean, not what I say.","No matter what youve done, I always thought there was a spark of decency in you, Bart Simpson, but I was wrong. I never thought Id say this to a child, but you are bad on the inside.","Remember: if you can teach one kid one thing, then today will be a success..."],"status":"Deceased"}]} </msg>
<msg time="2025-12-03T13:05:46.785223" level="INFO">To JSON using : pretty_print=False </msg>
<msg time="2025-12-03T13:05:46.785618" level="INFO">${json} = {'count': 1182, 'next': 'https://thesimpsonsapi.com/api/characters?page=2', 'prev': None, 'pages': 60, 'results': [{'id': 1, 'age': 39, 'birthdate': '1956-05-12', 'gender': 'Male', 'name': 'Homer Simp...</msg>
<var>${json}</var>
<arg>${resp.content}</arg>
<doc>*DEPRECATED* Please use ${resp.json()} instead. Have a look at the improved HTML output as pretty printing replacement.</doc>
<status status="PASS" start="2025-12-03T13:05:46.783748" elapsed="0.001903"/>
</kw>
<for flavor="IN">
<iter>
<kw name="Validate Character Structure">
<kw name="Should Be True" owner="BuiltIn">
<arg>${char["id"]} &gt; 0</arg>
<doc>Fails if the given condition is not true.</doc>
<status status="PASS" start="2025-12-03T13:05:46.787310" elapsed="0.000431"/>
</kw>
<kw name="Should Not Be Empty" owner="BuiltIn">
<msg time="2025-12-03T13:05:46.788164" level="INFO">Length is 13.</msg>
<arg>${char["name"]}</arg>
<doc>Verifies that the given item is not empty.</doc>
<status status="PASS" start="2025-12-03T13:05:46.787834" elapsed="0.000401"/>
</kw>
<kw name="Should Not Be Empty" owner="BuiltIn">
<msg time="2025-12-03T13:05:46.790089" level="INFO">Length is 4.</msg>
<arg>${char["gender"]}</arg>
<doc>Verifies that the given item is not empty.</doc>
<status status="PASS" start="2025-12-03T13:05:46.788404" elapsed="0.001904"/>
</kw>
<kw name="Should Not Be Empty" owner="BuiltIn">
<msg time="2025-12-03T13:05:46.791797" level="INFO">Length is 16.</msg>
<arg>${char["occupation"]}</arg>
<doc>Verifies that the given item is not empty.</doc>
<status status="PASS" start="2025-12-03T13:05:46.790629" elapsed="0.001330"/>
</kw>
<kw name="Should Match Regexp" owner="BuiltIn">
<msg time="2025-12-03T13:05:46.793662" level="FAIL">'1956-05-12' does not match '^d{4}-d{2}-d{2}$'</msg>
<arg>${char["birthdate"]}</arg>
<arg>^\d{4}-\d{2}-\d{2}$</arg>
<doc>Fails if ``string`` does not match ``pattern`` as a regular expression.</doc>
<status status="FAIL" start="2025-12-03T13:05:46.792280" elapsed="0.001537">'1956-05-12' does not match '^d{4}-d{2}-d{2}$'</status>
</kw>
<kw name="Should Match Regexp" owner="BuiltIn">
<arg>${char["portrait_path"]}</arg>
<arg>^/character/\d+.webp$</arg>
<doc>Fails if ``string`` does not match ``pattern`` as a regular expression.</doc>
<status status="NOT RUN" start="2025-12-03T13:05:46.794023" elapsed="0.000030"/>
</kw>
<kw name="Should Be True" owner="BuiltIn">
<arg>isinstance(${char["phrases"]}, list)</arg>
<doc>Fails if the given condition is not true.</doc>
<status status="NOT RUN" start="2025-12-03T13:05:46.794140" elapsed="0.000025"/>
</kw>
<kw name="Should Not Be Equal" owner="BuiltIn">
<arg>${char["phrases"]}</arg>
<arg>None</arg>
<doc>Fails if the given objects are equal.</doc>
<status status="NOT RUN" start="2025-12-03T13:05:46.794249" elapsed="0.000024"/>
</kw>
<arg>${char}</arg>
<status status="FAIL" start="2025-12-03T13:05:46.787033" elapsed="0.007447">'1956-05-12' does not match '^d{4}-d{2}-d{2}$'</status>
</kw>
<var name="${char}">{'id': 1, 'age': 39, 'birthdate': '1956-05-12', 'gender': 'Male', 'name': 'Homer Simpson', 'occupation': 'Safety Inspector', 'portrait_path': '/character/1.webp', 'phrases': ['Doh!', 'Why you little.....</var>
<status status="FAIL" start="2025-12-03T13:05:46.786810" elapsed="0.007749">'1956-05-12' does not match '^d{4}-d{2}-d{2}$'</status>
</iter>
<var>${char}</var>
<value>@{json["results"]}</value>
<status status="FAIL" start="2025-12-03T13:05:46.785988" elapsed="0.008676">'1956-05-12' does not match '^d{4}-d{2}-d{2}$'</status>
</for>
<status status="FAIL" start="2025-12-03T13:05:46.733652" elapsed="0.061505">'1956-05-12' does not match '^d{4}-d{2}-d{2}$'</status>
</test>
<test id="s1-t4" name="TC04 Validar orden estable por ID asc" line="61">
<kw name="Get Request" owner="RequestsLibrary">
<msg time="2025-12-03T13:05:46.796806" level="WARN">Keyword 'RequestsLibrary.Get Request' is deprecated. Please use `GET On Session` instead.</msg>
<msg time="2025-12-03T13:05:46.849238" level="INFO">GET Request : url=https://thesimpsonsapi.com/api/characters 
 path_url=/api/characters 
 headers={'User-Agent': 'python-requests/2.32.5', 'Accept-Encoding': 'gzip, deflate', 'Accept': '*/*', 'Connection': 'keep-alive'} 
 body=None 
 </msg>
<msg time="2025-12-03T13:05:46.849336" level="INFO">GET Response : url=https://thesimpsonsapi.com/api/characters 
 status=200, reason=OK 
 headers={'Content-Type': 'application/json; charset=utf-8', 'Transfer-Encoding': 'chunked', 'Connection': 'keep-alive', 'Date': 'Thu, 02 Oct 2025 13:28:46 GMT', 'X-XSS-Protection': '0', 'access-control-allow-origin': '*', 'Origin-Agent-Cluster': '?1', 'Referrer-Policy': 'no-referrer', 'Strict-Transport-Security': 'max-age=15552000; includeSubDomains', 'X-Content-Type-Options': 'nosniff', 'X-DNS-Prefetch-Control': 'off', 'X-Download-Options': 'noopen', 'X-Frame-Options': 'SAMEORIGIN', 'X-Permitted-Cross-Domain-Policies': 'none', 'Content-Encoding': 'gzip', 'Vary': 'accept-encoding', 'X-Cache': 'Hit from cloudfront', 'Via': '1.1 8b0b556682aca246cac2962455e370be.cloudfront.net (CloudFront)', 'X-Amz-Cf-Pop': 'LIM50-P1', 'Alt-Svc': 'h3=":443"; ma=86400', 'X-Amz-Cf-Id': 't_wdGZeeYWDjg9aXiw7BVy5nQ9eYUpfjQOvTp3UgvO9efarQueP17A==', 'Age': '5369820'} 
 body={"count":1182,"next":"https://thesimpsonsapi.com/api/characters?page=2","prev":null,"pages":60,"results":[{"id":1,"age":39,"birthdate":"1956-05-12","gender":"Male","name":"Homer Simpson","occupation":"Safety Inspector","portrait_path":"/character/1.webp","phrases":["Doh!","Why you little...!","Woo-hoo!","Mmm... (food)... *drooling*","Stupid Flanders!","Shut up Flanders!","AAAAGHH!","Lisa, knock off that racket!","Uh oh, the boss.","Lets all go out for frosty chocolate milkshakes!","Whatever, Ill be at Moes.","I am evil Ho-mer! I am evil Ho-mer! I am evil Ho-mer!","Better them than me.","Better them than me... Oh wait, that was me.","Marge, my face hurts again!"],"status":"Alive"},{"id":2,"age":39,"birthdate":null,"gender":"Female","name":"Marge Simpson","occupation":"Unemployed","portrait_path":"/character/2.webp","phrases":["Hrmmm...","Now its Marges time to shine!","Oh!","Oh, Homie!","Its true. Women arent very good drivers."],"status":"Alive"},{"id":3,"age":10,"birthdate":"1980-02-23","gender":"Male","name":"Bart Simpson","occupation":"Student at Springfield Elementary School","portrait_path":"/character/3.webp","phrases":["¡Ay Caramba!","Eat my shorts!","I didnt do it!","Dont have a cow, man.","I’m Bart Simpson, who the hell are you?","Aah! Sideshow Bob!","Nobody better lay a finger on my Butterfinger!","I didnt think it was physically possible, but this both sucks and blows."],"status":"Alive"},{"id":4,"age":8,"birthdate":"1982-05-09","gender":"Female","name":"Lisa Simpson","occupation":"Student at Springfield Elementary School, CTU Agent, Hall-monitor, Member of PETA","portrait_path":"/character/4.webp","phrases":["Well, I wish you wouldnt. Because, aside from the fact that he has the same frailties as all human beings, hes the only father I have. Therefore, he is my model of manhood, and my estimation of him will govern the prospects of my adult relationships. So I hope you bear in mind that any knock at him is a knock at me. And I am far too young to defend myself against such onslaughts.","Bart!","If anyone wants me, Ill be in my room.","Quit it, Bart!","BAAAAART!!","Mommy.","David Hasselhoff.","Homer.","Having never received encouragement, Im not sure how it should sound, but here goes: I believe in you.","Shut up, Meg.","The truth must be told.","I hope these are recyclable.","Yeah, Bart!"],"status":"Alive"},{"id":5,"age":1,"birthdate":"1990-11-07","gender":"Female","name":"Maggie Simpson","occupation":"Unknown","portrait_path":"/character/5.webp","phrases":["*suck-suck*","Good night.","Daddy."],"status":"Alive"},{"id":6,"age":null,"birthdate":null,"gender":"Male","name":"Abe Simpson II","occupation":"Retired","portrait_path":"/character/6.webp","phrases":["Ahh!","Im Santa? Oh, now Ill never die!","Hi, David, Im Grampa!","They pay me $800 a week to tell a cat and mouse what to do!"],"status":"Alive"},{"id":7,"age":null,"birthdate":null,"gender":"Female","name":"Patty Bouvier","occupation":"Springfield DMV Employee","portrait_path":"/character/7.webp","phrases":["Some days at the DMV, we dont let the line move at all. We call those weekdays.","Hell no! I like girls!"],"status":"Alive"},{"id":8,"age":null,"birthdate":null,"gender":"Female","name":"Selma Bouvier","occupation":"Employee of Department of Motor Vehicles","portrait_path":"/character/8.webp","phrases":["Hows my blubber in-law?","Drivers License is on me!"],"status":"Alive"},{"id":9,"age":60,"birthdate":null,"gender":"Male","name":"Ned Flanders","occupation":"The Leftorium (formerly)","portrait_path":"/character/9.webp","phrases":["Howdily-doodily, neighborino!","Hi-diddly-ho!"],"status":"Alive"},{"id":10,"age":null,"birthdate":null,"gender":"Female","name":"Maude Flanders","occupation":"Housewife (former)","portrait_path":"/character/10.webp","phrases":["I dont judge Homer or Marge. Thats for vengeful God to do.","Neddy doesnt believe in insurance. He considers it a form of gambling.","I know. They make you uncomfortable.","In many ways, Maude Flanders was a supporting player in our lives. She didnt grab our attention with memorable catchphrases, or comical accents. But, whether you noticed her or not, Maude was always there but then she was still alive in episode 6","Excuse me, Edna. I dont think were talking about love here. Were talking about S-E-X in front of the C-H-I-L-D-R-E-N."],"status":"Deceased"},{"id":11,"age":null,"birthdate":null,"gender":"Male","name":"Rod Flanders","occupation":"Student at Springfield Elementary School","portrait_path":"/character/11.webp","phrases":["Yay!!","What does gay mean??"],"status":"Alive"},{"id":12,"age":null,"birthdate":null,"gender":"Male","name":"Todd Flanders","occupation":"Student at Springfield Elementary SchoolStudent at a religious private school (formerly)","portrait_path":"/character/12.webp","phrases":["I said I dont want any damn vegetables!"],"status":"Alive"},{"id":13,"age":1381,"birthdate":"1886-09-15","gender":"Male","name":"Charles Montgomery Burns","occupation":"Owner &amp; Director of the Springfield Nuclear Power Plant","portrait_path":"/character/13.webp","phrases":["Excellent!","Release the hounds!","Smithers!","Smithers, who is this ?","Simpson, eh?","Youre fired!","Oh, Fiddlesticks!"],"status":"Alive"},{"id":14,"age":null,"birthdate":null,"gender":"Male","name":"Waylon Smithers, Jr.","occupation":"Assistant to Mr. Burns","portrait_path":"/character/14.webp","phrases":["Yes, sir?","Thats Homer Simpson, sir - one of your [put-down]s from Sector 7G.","Actually, I value every second were together: from the moment I squeeze his orange juice in the morning, till I... tuck him in at night. Hes not just my boss, hes my best friend, too.","All right, thats it. You know, I used to wonder why Mr. Burns hated humanity. Now I know. You open your heart and they mock your very decency."],"status":"Alive"},{"id":15,"age":null,"birthdate":null,"gender":"Male","name":"Krusty the Clown","occupation":"Television personality","portrait_path":"/character/15.webp","phrases":["Hey hey, kids!","Hoohoohoohahaha!","Why you little!","Im Krusty The Clown! And I Love you!"],"status":"Alive"},{"id":16,"age":null,"birthdate":null,"gender":"Male","name":"Moe Szyslak","occupation":"Bartender and Owner of Moe's Tavern","portrait_path":"/character/16.webp","phrases":["How ya doing?","Whaaaaaaat?","Whats-a-matter, Homer?","When I get a hold of you, Ill (insert threat here)","Hi ya, Midge.","Mike Rotch","Im a stupid moron with an ugly  face, and a big butt, and my butt smells, and I like to kiss my own butt."],"status":"Alive"},{"id":17,"age":47,"birthdate":null,"gender":"Male","name":"Apu Nahasapeemapetilon","occupation":"Owner of the Kwik-E-Mart","portrait_path":"/character/17.webp","phrases":["Thank you! Come again.","That is a great dishonor to my ancestors and my God, but okay.","Okay, whatever.","Alright.","I cant believe you dont shut up!","(Referring to Homer) He slept, he stole, he was rude to the customers. Still, there goes the best-damned employee a convenience store ever had."],"status":"Alive"},{"id":18,"age":57,"birthdate":"1953-07-08","gender":"Male","name":"Seymour Skinner","occupation":"Principal of Springfield Elementary School","portrait_path":"/character/18.webp","phrases":[],"status":"Alive"},{"id":19,"age":null,"birthdate":"1945-03-31","gender":"Male","name":"Gary Chalmers","occupation":"Superintendent of Springfield Elementary School","portrait_path":"/character/19.webp","phrases":["SKINNERRRRRR!","Aurora Borealis? At this time of year, at this time of day, in this part of the country, localized ENTIRELY within your kitchen..?"],"status":"Alive"},{"id":20,"age":null,"birthdate":null,"gender":"Female","name":"Edna Krabappel","occupation":"Fourth grade teacher at Springfield Elementary School (formerly)","portrait_path":"/character/20.webp","phrases":["Ha!","These tests will have no effect on your grades. They merely determine your future social status and financial success. If any.","Do what I mean, not what I say.","No matter what youve done, I always thought there was a spark of decency in you, Bart Simpson, but I was wrong. I never thought Id say this to a child, but you are bad on the inside.","Remember: if you can teach one kid one thing, then today will be a success..."],"status":"Deceased"}]} 
 </msg>
<msg time="2025-12-03T13:05:46.849523" level="INFO">C:\ArchivosClaudia\qaxpert_training\APIS\qa-automation-apis-robot-framework\Stage_1\Mission\venvMision1\Lib\site-packages\urllib3\connectionpool.py:1097: InsecureRequestWarning: Unverified HTTPS request is being made to host 'thesimpsonsapi.com'. Adding certificate verification is strongly advised. See: https://urllib3.readthedocs.io/en/latest/advanced-usage.html#tls-warnings
  warnings.warn(</msg>
<msg time="2025-12-03T13:05:46.850193" level="INFO">${resp} = &lt;Response [200]&gt;</msg>
<var>${resp}</var>
<arg>simpsons</arg>
<arg>${ENDPOINT_CHARACTERS}</arg>
<doc>*DEPRECATED* Please use `GET On Session` instead.</doc>
<status status="PASS" start="2025-12-03T13:05:46.796755" elapsed="0.053517"/>
</kw>
<kw name="To Json" owner="RequestsLibrary">
<msg time="2025-12-03T13:05:46.851017" level="WARN">Keyword 'RequestsLibrary.To Json' is deprecated. Please use ${resp.json()} instead. Have a look at the improved HTML output as pretty printing replacement.</msg>
<msg time="2025-12-03T13:05:46.852897" level="INFO">To JSON using : content={"count":1182,"next":"https://thesimpsonsapi.com/api/characters?page=2","prev":null,"pages":60,"results":[{"id":1,"age":39,"birthdate":"1956-05-12","gender":"Male","name":"Homer Simpson","occupation":"Safety Inspector","portrait_path":"/character/1.webp","phrases":["Doh!","Why you little...!","Woo-hoo!","Mmm... (food)... *drooling*","Stupid Flanders!","Shut up Flanders!","AAAAGHH!","Lisa, knock off that racket!","Uh oh, the boss.","Lets all go out for frosty chocolate milkshakes!","Whatever, Ill be at Moes.","I am evil Ho-mer! I am evil Ho-mer! I am evil Ho-mer!","Better them than me.","Better them than me... Oh wait, that was me.","Marge, my face hurts again!"],"status":"Alive"},{"id":2,"age":39,"birthdate":null,"gender":"Female","name":"Marge Simpson","occupation":"Unemployed","portrait_path":"/character/2.webp","phrases":["Hrmmm...","Now its Marges time to shine!","Oh!","Oh, Homie!","Its true. Women arent very good drivers."],"status":"Alive"},{"id":3,"age":10,"birthdate":"1980-02-23","gender":"Male","name":"Bart Simpson","occupation":"Student at Springfield Elementary School","portrait_path":"/character/3.webp","phrases":["¡Ay Caramba!","Eat my shorts!","I didnt do it!","Dont have a cow, man.","I’m Bart Simpson, who the hell are you?","Aah! Sideshow Bob!","Nobody better lay a finger on my Butterfinger!","I didnt think it was physically possible, but this both sucks and blows."],"status":"Alive"},{"id":4,"age":8,"birthdate":"1982-05-09","gender":"Female","name":"Lisa Simpson","occupation":"Student at Springfield Elementary School, CTU Agent, Hall-monitor, Member of PETA","portrait_path":"/character/4.webp","phrases":["Well, I wish you wouldnt. Because, aside from the fact that he has the same frailties as all human beings, hes the only father I have. Therefore, he is my model of manhood, and my estimation of him will govern the prospects of my adult relationships. So I hope you bear in mind that any knock at him is a knock at me. And I am far too young to defend myself against such onslaughts.","Bart!","If anyone wants me, Ill be in my room.","Quit it, Bart!","BAAAAART!!","Mommy.","David Hasselhoff.","Homer.","Having never received encouragement, Im not sure how it should sound, but here goes: I believe in you.","Shut up, Meg.","The truth must be told.","I hope these are recyclable.","Yeah, Bart!"],"status":"Alive"},{"id":5,"age":1,"birthdate":"1990-11-07","gender":"Female","name":"Maggie Simpson","occupation":"Unknown","portrait_path":"/character/5.webp","phrases":["*suck-suck*","Good night.","Daddy."],"status":"Alive"},{"id":6,"age":null,"birthdate":null,"gender":"Male","name":"Abe Simpson II","occupation":"Retired","portrait_path":"/character/6.webp","phrases":["Ahh!","Im Santa? Oh, now Ill never die!","Hi, David, Im Grampa!","They pay me $800 a week to tell a cat and mouse what to do!"],"status":"Alive"},{"id":7,"age":null,"birthdate":null,"gender":"Female","name":"Patty Bouvier","occupation":"Springfield DMV Employee","portrait_path":"/character/7.webp","phrases":["Some days at the DMV, we dont let the line move at all. We call those weekdays.","Hell no! I like girls!"],"status":"Alive"},{"id":8,"age":null,"birthdate":null,"gender":"Female","name":"Selma Bouvier","occupation":"Employee of Department of Motor Vehicles","portrait_path":"/character/8.webp","phrases":["Hows my blubber in-law?","Drivers License is on me!"],"status":"Alive"},{"id":9,"age":60,"birthdate":null,"gender":"Male","name":"Ned Flanders","occupation":"The Leftorium (formerly)","portrait_path":"/character/9.webp","phrases":["Howdily-doodily, neighborino!","Hi-diddly-ho!"],"status":"Alive"},{"id":10,"age":null,"birthdate":null,"gender":"Female","name":"Maude Flanders","occupation":"Housewife (former)","portrait_path":"/character/10.webp","phrases":["I dont judge Homer or Marge. Thats for vengeful God to do.","Neddy doesnt believe in insurance. He considers it a form of gambling.","I know. They make you uncomfortable.","In many ways, Maude Flanders was a supporting player in our lives. She didnt grab our attention with memorable catchphrases, or comical accents. But, whether you noticed her or not, Maude was always there but then she was still alive in episode 6","Excuse me, Edna. I dont think were talking about love here. Were talking about S-E-X in front of the C-H-I-L-D-R-E-N."],"status":"Deceased"},{"id":11,"age":null,"birthdate":null,"gender":"Male","name":"Rod Flanders","occupation":"Student at Springfield Elementary School","portrait_path":"/character/11.webp","phrases":["Yay!!","What does gay mean??"],"status":"Alive"},{"id":12,"age":null,"birthdate":null,"gender":"Male","name":"Todd Flanders","occupation":"Student at Springfield Elementary SchoolStudent at a religious private school (formerly)","portrait_path":"/character/12.webp","phrases":["I said I dont want any damn vegetables!"],"status":"Alive"},{"id":13,"age":1381,"birthdate":"1886-09-15","gender":"Male","name":"Charles Montgomery Burns","occupation":"Owner &amp; Director of the Springfield Nuclear Power Plant","portrait_path":"/character/13.webp","phrases":["Excellent!","Release the hounds!","Smithers!","Smithers, who is this ?","Simpson, eh?","Youre fired!","Oh, Fiddlesticks!"],"status":"Alive"},{"id":14,"age":null,"birthdate":null,"gender":"Male","name":"Waylon Smithers, Jr.","occupation":"Assistant to Mr. Burns","portrait_path":"/character/14.webp","phrases":["Yes, sir?","Thats Homer Simpson, sir - one of your [put-down]s from Sector 7G.","Actually, I value every second were together: from the moment I squeeze his orange juice in the morning, till I... tuck him in at night. Hes not just my boss, hes my best friend, too.","All right, thats it. You know, I used to wonder why Mr. Burns hated humanity. Now I know. You open your heart and they mock your very decency."],"status":"Alive"},{"id":15,"age":null,"birthdate":null,"gender":"Male","name":"Krusty the Clown","occupation":"Television personality","portrait_path":"/character/15.webp","phrases":["Hey hey, kids!","Hoohoohoohahaha!","Why you little!","Im Krusty The Clown! And I Love you!"],"status":"Alive"},{"id":16,"age":null,"birthdate":null,"gender":"Male","name":"Moe Szyslak","occupation":"Bartender and Owner of Moe's Tavern","portrait_path":"/character/16.webp","phrases":["How ya doing?","Whaaaaaaat?","Whats-a-matter, Homer?","When I get a hold of you, Ill (insert threat here)","Hi ya, Midge.","Mike Rotch","Im a stupid moron with an ugly  face, and a big butt, and my butt smells, and I like to kiss my own butt."],"status":"Alive"},{"id":17,"age":47,"birthdate":null,"gender":"Male","name":"Apu Nahasapeemapetilon","occupation":"Owner of the Kwik-E-Mart","portrait_path":"/character/17.webp","phrases":["Thank you! Come again.","That is a great dishonor to my ancestors and my God, but okay.","Okay, whatever.","Alright.","I cant believe you dont shut up!","(Referring to Homer) He slept, he stole, he was rude to the customers. Still, there goes the best-damned employee a convenience store ever had."],"status":"Alive"},{"id":18,"age":57,"birthdate":"1953-07-08","gender":"Male","name":"Seymour Skinner","occupation":"Principal of Springfield Elementary School","portrait_path":"/character/18.webp","phrases":[],"status":"Alive"},{"id":19,"age":null,"birthdate":"1945-03-31","gender":"Male","name":"Gary Chalmers","occupation":"Superintendent of Springfield Elementary School","portrait_path":"/character/19.webp","phrases":["SKINNERRRRRR!","Aurora Borealis? At this time of year, at this time of day, in this part of the country, localized ENTIRELY within your kitchen..?"],"status":"Alive"},{"id":20,"age":null,"birthdate":null,"gender":"Female","name":"Edna Krabappel","occupation":"Fourth grade teacher at Springfield Elementary School (formerly)","portrait_path":"/character/20.webp","phrases":["Ha!","These tests will have no effect on your grades. They merely determine your future social status and financial success. If any.","Do what I mean, not what I say.","No matter what youve done, I always thought there was a spark of decency in you, Bart Simpson, but I was wrong. I never thought Id say this to a child, but you are bad on the inside.","Remember: if you can teach one kid one thing, then today will be a success..."],"status":"Deceased"}]} </msg>
<msg time="2025-12-03T13:05:46.853180" level="INFO">To JSON using : pretty_print=False </msg>
<msg time="2025-12-03T13:05:46.853641" level="INFO">${json} = {'count': 1182, 'next': 'https://thesimpsonsapi.com/api/characters?page=2', 'prev': None, 'pages': 60, 'results': [{'id': 1, 'age': 39, 'birthdate': '1956-05-12', 'gender': 'Male', 'name': 'Homer Simp...</msg>
<var>${json}</var>
<arg>${resp.content}</arg>
<doc>*DEPRECATED* Please use ${resp.json()} instead. Have a look at the improved HTML output as pretty printing replacement.</doc>
<status status="PASS" start="2025-12-03T13:05:46.850953" elapsed="0.002759"/>
</kw>
<kw name="Set Variable" owner="BuiltIn">
<msg time="2025-12-03T13:05:46.855604" level="INFO">${results} = [{'id': 1, 'age': 39, 'birthdate': '1956-05-12', 'gender': 'Male', 'name': 'Homer Simpson', 'occupation': 'Safety Inspector', 'portrait_path': '/character/1.webp', 'phrases': ['Doh!', 'Why you little....</msg>
<var>${results}</var>
<arg>${json["results"]}</arg>
<doc>Returns the given values which can then be assigned to a variables.</doc>
<status status="PASS" start="2025-12-03T13:05:46.854286" elapsed="0.001468"/>
</kw>
<kw name=":FOR">
<msg time="2025-12-03T13:05:46.857479" level="FAIL">Support for the old FOR loop syntax has been removed. Replace ':FOR' with 'FOR', end the loop with 'END', and remove escaping backslashes.</msg>
<arg>${i}</arg>
<arg>IN RANGE</arg>
<arg>0</arg>
<arg>${len(${results})-1}</arg>
<status status="FAIL" start="2025-12-03T13:05:46.857340" elapsed="0.000294">Support for the old FOR loop syntax has been removed. Replace ':FOR' with 'FOR', end the loop with 'END', and remove escaping backslashes.</status>
</kw>
<kw name="\">
<arg>${id1}=</arg>
<arg>Set Variable</arg>
<arg>${results[${i}]["id"]}</arg>
<status status="NOT RUN" start="2025-12-03T13:05:46.858148" elapsed="0.000038"/>
</kw>
<kw name="\">
<arg>${id2}=</arg>
<arg>Set Variable</arg>
<arg>${results[${i}+1}]["id"]}</arg>
<status status="NOT RUN" start="2025-12-03T13:05:46.858453" elapsed="0.000021"/>
</kw>
<kw name="\">
<arg>Should Be True</arg>
<arg>${id1} &lt; ${id2}</arg>
<status status="NOT RUN" start="2025-12-03T13:05:46.858748" elapsed="0.000023"/>
</kw>
<status status="FAIL" start="2025-12-03T13:05:46.796132" elapsed="0.063206">Support for the old FOR loop syntax has been removed. Replace ':FOR' with 'FOR', end the loop with 'END', and remove escaping backslashes.</status>
</test>
<test id="s1-t5" name="TC05 Validar paginación page=2" line="70">
<kw name="Get Request" owner="RequestsLibrary">
<msg time="2025-12-03T13:05:46.862142" level="WARN">Keyword 'RequestsLibrary.Get Request' is deprecated. Please use `GET On Session` instead.</msg>
<msg time="2025-12-03T13:05:46.896094" level="INFO">GET Request : url=https://thesimpsonsapi.com/api/characters?page=2 
 path_url=/api/characters?page=2 
 headers={'User-Agent': 'python-requests/2.32.5', 'Accept-Encoding': 'gzip, deflate', 'Accept': '*/*', 'Connection': 'keep-alive'} 
 body=None 
 </msg>
<msg time="2025-12-03T13:05:46.896260" level="INFO">GET Response : url=https://thesimpsonsapi.com/api/characters?page=2 
 status=200, reason=OK 
 headers={'Content-Type': 'application/json; charset=utf-8', 'Transfer-Encoding': 'chunked', 'Connection': 'keep-alive', 'Date': 'Thu, 02 Oct 2025 13:39:04 GMT', 'X-XSS-Protection': '0', 'access-control-allow-origin': '*', 'Origin-Agent-Cluster': '?1', 'Referrer-Policy': 'no-referrer', 'Strict-Transport-Security': 'max-age=15552000; includeSubDomains', 'X-Content-Type-Options': 'nosniff', 'X-DNS-Prefetch-Control': 'off', 'X-Download-Options': 'noopen', 'X-Frame-Options': 'SAMEORIGIN', 'X-Permitted-Cross-Domain-Policies': 'none', 'Content-Encoding': 'gzip', 'Vary': 'accept-encoding', 'X-Cache': 'Hit from cloudfront', 'Via': '1.1 8b0b556682aca246cac2962455e370be.cloudfront.net (CloudFront)', 'X-Amz-Cf-Pop': 'LIM50-P1', 'Alt-Svc': 'h3=":443"; ma=86400', 'X-Amz-Cf-Id': 'yC4a9UWgFMiaXdres1GQ1jEX8viY4UyRXPpHdELd5KlsS-wXufD49g==', 'Age': '5369202'} 
 body={"count":1182,"next":"https://thesimpsonsapi.com/api/characters?page=3","prev":"https://thesimpsonsapi.com/api/characters?page=1","pages":60,"results":[{"id":21,"age":32,"birthdate":"1963-01-18","gender":"Male","name":"Otto Mann","occupation":"School bus driver","portrait_path":"/character/21.webp","phrases":[],"status":"Alive"},{"id":22,"age":10,"birthdate":null,"gender":"Male","name":"Milhouse Van Houten","occupation":"Student at Springfield Elementary","portrait_path":"/character/22.webp","phrases":["Sorry, Bart.","Get a load of that quote / unquote Santa!","The House always wins.","Hey, Bart, want to trade lunches?","My Glasses!","Everythings comin up Milhouse!","What a Rad!","Whazzup!!!","Stupid! Stupid! Stupid!","MOOOOOM! BARTS SWEARING!"],"status":"Alive"},{"id":23,"age":44,"birthdate":null,"gender":"Female","name":"Luann Van Houten","occupation":"Housewife","portrait_path":"/character/23.webp","phrases":["From now on, forget everything you thought you knew about Luann Van Houten. "],"status":"Alive"},{"id":24,"age":null,"birthdate":null,"gender":"Male","name":"Kirk Van Houten","occupation":"Unemployed","portrait_path":"/character/24.webp","phrases":["I dont like the idea of Milhouse having two spaghetti meals in one day."],"status":"Alive"},{"id":25,"age":8,"birthdate":"1982-02-10","gender":"Male","name":"Ralph Wiggum","occupation":"Student at Springfield Elementary School","portrait_path":"/character/25.webp","phrases":["Shes touching my special area!"],"status":"Alive"},{"id":26,"age":39,"birthdate":"1954-04-20","gender":"Male","name":"Barney Gumble","occupation":"Helicopter pilot","portrait_path":"/character/26.webp","phrases":["BURRRRRRPPPP!","Dont cry for me, Im already dead.","Is that a new kind of Mace? Its really painful!"],"status":"Alive"},{"id":27,"age":null,"birthdate":"1955-04-13","gender":"Male","name":"Carl Carlson","occupation":"Safety Operations Supervisor at the Springfield Nuclear Power Plant","portrait_path":"/character/27.webp","phrases":["See, statements like that are why people think were gay."],"status":"Alive"},{"id":28,"age":37,"birthdate":"1955-04-20","gender":"Male","name":"Lenny Leonard","occupation":"Technical Supervisor at the Springfield Nuclear Power Plant","portrait_path":"/character/28.webp","phrases":[],"status":"Alive"},{"id":29,"age":40,"birthdate":null,"gender":"Male","name":"Clancy Wiggum","occupation":"Chief of the Springfield Police Department","portrait_path":"/character/29.webp","phrases":["If anything goes wrong, just dial 911. Unless its an emergency.","It was only two days till he retired.","Cuff em, Lou.","Lets roll, boys!","Take em away, boys.","Book em, Lou.","Oh, dont worry, Im the pief of cholice. I mean, Im, uh, the beef with no cheese."],"status":"Alive"},{"id":30,"age":null,"birthdate":null,"gender":"Female","name":"Sarah Wiggum","occupation":"Housewife","portrait_path":"/character/30.webp","phrases":["Clancy!","Clancy! Use the remote!","I love you, Poppin Fresh, Aw Clancy!","Homer, can you make me look Fancy?"],"status":"Alive"},{"id":31,"age":null,"birthdate":null,"gender":"Male","name":"Julius Hibbert","occupation":"Doctor at Springfield General Hospital","portrait_path":"/character/31.webp","phrases":["A-heh-heh-heh.","Have a wowwipop.","This man is dead."],"status":"Alive"},{"id":32,"age":30,"birthdate":null,"gender":"Male","name":"Lou","occupation":"Police Sergeant","portrait_path":"/character/32.webp","phrases":["Sweet.Uh... Chief?"],"status":"Alive"},{"id":33,"age":null,"birthdate":null,"gender":"Male","name":"Jonathan Frink, Jr.","occupation":"Professor","portrait_path":"/character/33.webp","phrases":["Frink out"],"status":"Alive"},{"id":34,"age":null,"birthdate":null,"gender":"Male","name":"Professor Frink's son","occupation":"Professor Frink's Inventions","portrait_path":"/character/34.webp","phrases":[],"status":"Alive"},{"id":35,"age":31,"birthdate":"1957-02-25","gender":"Male","name":"Robert Terwilliger","occupation":"Criminal Mastermind","portrait_path":"/character/35.webp","phrases":["Hello, Bart.","No! Thats German... for The Bart, The."],"status":"Alive"},{"id":36,"age":null,"birthdate":null,"gender":"Male","name":"Martin Prince, Jr.","occupation":"Student at Springfield Elementary School.","portrait_path":"/character/36.webp","phrases":["Pick me, teacher, Im ever so smart!Dickety! Highly dubious."],"status":"Alive"},{"id":37,"age":101,"birthdate":null,"gender":"Male","name":"Nelson Muntz","occupation":"Student and Bully at Springfield Elementary","portrait_path":"/character/37.webp","phrases":["Ha Ha!"],"status":"Alive"},{"id":38,"age":15,"birthdate":null,"gender":"Male","name":"Jimbo Jones","occupation":"School Bully","portrait_path":"/character/38.webp","phrases":["Bite me.","Yeah, I love Grimby"],"status":"Alive"},{"id":39,"age":null,"birthdate":null,"gender":"Male","name":"Kearney Zzyzwicz","occupation":"School student","portrait_path":"/character/39.webp","phrases":["First person to blink is a dead man.","Shut up.","Fixing the church should be our top priority! I say this as a teenager, and the parent of a teenager."],"status":"Alive"},{"id":40,"age":15,"birthdate":null,"gender":"Male","name":"Dolph Starbeam","occupation":"School bully","portrait_path":"/character/40.webp","phrases":[],"status":"Alive"}]} 
 </msg>
<msg time="2025-12-03T13:05:46.896466" level="INFO">C:\ArchivosClaudia\qaxpert_training\APIS\qa-automation-apis-robot-framework\Stage_1\Mission\venvMision1\Lib\site-packages\urllib3\connectionpool.py:1097: InsecureRequestWarning: Unverified HTTPS request is being made to host 'thesimpsonsapi.com'. Adding certificate verification is strongly advised. See: https://urllib3.readthedocs.io/en/latest/advanced-usage.html#tls-warnings
  warnings.warn(</msg>
<msg time="2025-12-03T13:05:46.896904" level="INFO">${resp} = &lt;Response [200]&gt;</msg>
<var>${resp}</var>
<arg>simpsons</arg>
<arg>${ENDPOINT_CHARACTERS}?page=2</arg>
<doc>*DEPRECATED* Please use `GET On Session` instead.</doc>
<status status="PASS" start="2025-12-03T13:05:46.862099" elapsed="0.034855"/>
</kw>
<kw name="Should Be Equal As Integers" owner="BuiltIn">
<msg time="2025-12-03T13:05:46.898555" level="INFO">Argument types are:
&lt;class 'int'&gt;
&lt;class 'str'&gt;</msg>
<arg>${resp.status_code}</arg>
<arg>200</arg>
<doc>Fails if objects are unequal after converting them to integers.</doc>
<status status="PASS" start="2025-12-03T13:05:46.897400" elapsed="0.001351"/>
</kw>
<kw name="To Json" owner="RequestsLibrary">
<msg time="2025-12-03T13:05:46.899182" level="WARN">Keyword 'RequestsLibrary.To Json' is deprecated. Please use ${resp.json()} instead. Have a look at the improved HTML output as pretty printing replacement.</msg>
[...]
  warnings.warn(</msg>
<msg time="2025-12-03T13:05:46.985748" level="INFO">${resp2} = &lt;Response [200]&gt;</msg>
<var>${resp2}</var>
<arg>simpsons</arg>
<arg>${ENDPOINT_CHARACTERS}?page=1</arg>
<doc>*DEPRECATED* Please use `GET On Session` instead.</doc>
<status status="PASS" start="2025-12-03T13:05:46.942301" elapsed="0.043526"/>
</kw>
<kw name="Should Be Equal" owner="BuiltIn">
<arg>${resp1.content}</arg>
<arg>${resp2.content}</arg>
<doc>Fails if the given objects are unequal.</doc>
<status status="PASS" start="2025-12-03T13:05:46.986275" elapsed="0.001022"/>
</kw>
<status status="PASS" start="2025-12-03T13:05:46.903073" elapsed="0.084582"/>
</test>
<test id="s1-t7" name="TC07 Validar next y prev URLs" line="81">
<kw name="Get Request" owner="RequestsLibrary">
<msg time="2025-12-03T13:05:46.991132" level="WARN">Keyword 'RequestsLibrary.Get Request' is deprecated. Please use `GET On Session` instead.</msg>
<msg time="2025-12-03T13:05:47.027195" level="INFO">GET Request : url=https://thesimpsonsapi.com/api/characters?page=2 
 path_url=/api/characters?page=2 
 headers={'User-Agent': 'python-requests/2.32.5', 'Accept-Encoding': 'gzip, deflate', 'Accept': '*/*', 'Connection': 'keep-alive'} 
 body=None 
 </msg>
<msg time="2025-12-03T13:05:47.027299" level="INFO">GET Response : url=https://thesimpsonsapi.com/api/characters?page=2 
 status=200, reason=OK 
 headers={'Content-Type': 'application/json; charset=utf-8', 'Transfer-Encoding': 'chunked', 'Connection': 'keep-alive', 'Date': 'Thu, 02 Oct 2025 13:39:04 GMT', 'X-XSS-Protection': '0', 'access-control-allow-origin': '*', 'Origin-Agent-Cluster': '?1', 'Referrer-Policy': 'no-referrer', 'Strict-Transport-Security': 'max-age=15552000; includeSubDomains', 'X-Content-Type-Options': 'nosniff', 'X-DNS-Prefetch-Control': 'off', 'X-Download-Options': 'noopen', 'X-Frame-Options': 'SAMEORIGIN', 'X-Permitted-Cross-Domain-Policies': 'none', 'Content-Encoding': 'gzip', 'Vary': 'accept-encoding', 'X-Cache': 'Hit from cloudfront', 'Via': '1.1 8b0b556682aca246cac2962455e370be.cloudfront.net (CloudFront)', 'X-Amz-Cf-Pop': 'LIM50-P1', 'Alt-Svc': 'h3=":443"; ma=86400', 'X-Amz-Cf-Id': 'ZsZRleMgIL7RLkAkF5YskOmws9tv3NjSoqojVrZyL-juufqifzB3KA==', 'Age': '5369203'} 
 body={"count":1182,"next":"https://thesimpsonsapi.com/api/characters?page=3","prev":"https://thesimpsonsapi.com/api/characters?page=1","pages":60,"results":[{"id":21,"age":32,"birthdate":"1963-01-18","gender":"Male","name":"Otto Mann","occupation":"School bus driver","portrait_path":"/character/21.webp","phrases":[],"status":"Alive"},{"id":22,"age":10,"birthdate":null,"gender":"Male","name":"Milhouse Van Houten","occupation":"Student at Springfield Elementary","portrait_path":"/character/22.webp","phrases":["Sorry, Bart.","Get a load of that quote / unquote Santa!","The House always wins.","Hey, Bart, want to trade lunches?","My Glasses!","Everythings comin up Milhouse!","What a Rad!","Whazzup!!!","Stupid! Stupid! Stupid!","MOOOOOM! BARTS SWEARING!"],"status":"Alive"},{"id":23,"age":44,"birthdate":null,"gender":"Female","name":"Luann Van Houten","occupation":"Housewife","portrait_path":"/character/23.webp","phrases":["From now on, forget everything you thought you knew about Luann Van Houten. "],"status":"Alive"},{"id":24,"age":null,"birthdate":null,"gender":"Male","name":"Kirk Van Houten","occupation":"Unemployed","portrait_path":"/character/24.webp","phrases":["I dont like the idea of Milhouse having two spaghetti meals in one day."],"status":"Alive"},{"id":25,"age":8,"birthdate":"1982-02-10","gender":"Male","name":"Ralph Wiggum","occupation":"Student at Springfield Elementary School","portrait_path":"/character/25.webp","phrases":["Shes touching my special area!"],"status":"Alive"},{"id":26,"age":39,"birthdate":"1954-04-20","gender":"Male","name":"Barney Gumble","occupation":"Helicopter pilot","portrait_path":"/character/26.webp","phrases":["BURRRRRRPPPP!","Dont cry for me, Im already dead.","Is that a new kind of Mace? Its really painful!"],"status":"Alive"},{"id":27,"age":null,"birthdate":"1955-04-13","gender":"Male","name":"Carl Carlson","occupation":"Safety Operations Supervisor at the Springfield Nuclear Power Plant","portrait_path":"/character/27.webp","phrases":["See, statements like that are why people think were gay."],"status":"Alive"},{"id":28,"age":37,"birthdate":"1955-04-20","gender":"Male","name":"Lenny Leonard","occupation":"Technical Supervisor at the Springfield Nuclear Power Plant","portrait_path":"/character/28.webp","phrases":[],"status":"Alive"},{"id":29,"age":40,"birthdate":null,"gender":"Male","name":"Clancy Wiggum","occupation":"Chief of the Springfield Police Department","portrait_path":"/character/29.webp","phrases":["If anything goes wrong, just dial 911. Unless its an emergency.","It was only two days till he retired.","Cuff em, Lou.","Lets roll, boys!","Take em away, boys.","Book em, Lou.","Oh, dont worry, Im the pief of cholice. I mean, Im, uh, the beef with no cheese."],"status":"Alive"},{"id":30,"age":null,"birthdate":null,"gender":"Female","name":"Sarah Wiggum","occupation":"Housewife","portrait_path":"/character/30.webp","phrases":["Clancy!","Clancy! Use the remote!","I love you, Poppin Fresh, Aw Clancy!","Homer, can you make me look Fancy?"],"status":"Alive"},{"id":31,"age":null,"birthdate":null,"gender":"Male","name":"Julius Hibbert","occupation":"Doctor at Springfield General Hospital","portrait_path":"/character/31.webp","phrases":["A-heh-heh-heh.","Have a wowwipop.","This man is dead."],"status":"Alive"},{"id":32,"age":30,"birthdate":null,"gender":"Male","name":"Lou","occupation":"Police Sergeant","portrait_path":"/character/32.webp","phrases":["Sweet.Uh... Chief?"],"status":"Alive"},{"id":33,"age":null,"birthdate":null,"gender":"Male","name":"Jonathan Frink, Jr.","occupation":"Professor","portrait_path":"/character/33.webp","phrases":["Frink out"],"status":"Alive"},{"id":34,"age":null,"birthdate":null,"gender":"Male","name":"Professor Frink's son","occupation":"Professor Frink's Inventions","portrait_path":"/character/34.webp","phrases":[],"status":"Alive"},{"id":35,"age":31,"birthdate":"1957-02-25","gender":"Male","name":"Robert Terwilliger","occupation":"Criminal Mastermind","portrait_path":"/character/35.webp","phrases":["Hello, Bart.","No! Thats German... for The Bart, The."],"status":"Alive"},{"id":36,"age":null,"birthdate":null,"gender":"Male","name":"Martin Prince, Jr.","occupation":"Student at Springfield Elementary School.","portrait_path":"/character/36.webp","phrases":["Pick me, teacher, Im ever so smart!Dickety! Highly dubious."],"status":"Alive"},{"id":37,"age":101,"birthdate":null,"gender":"Male","name":"Nelson Muntz","occupation":"Student and Bully at Springfield Elementary","portrait_path":"/character/37.webp","phrases":["Ha Ha!"],"status":"Alive"},{"id":38,"age":15,"birthdate":null,"gender":"Male","name":"Jimbo Jones","occupation":"School Bully","portrait_path":"/character/38.webp","phrases":["Bite me.","Yeah, I love Grimby"],"status":"Alive"},{"id":39,"age":null,"birthdate":null,"gender":"Male","name":"Kearney Zzyzwicz","occupation":"School student","portrait_path":"/character/39.webp","phrases":["First person to blink is a dead man.","Shut up.","Fixing the church should be our top priority! I say this as a teenager, and the parent of a teenager."],"status":"Alive"},{"id":40,"age":15,"birthdate":null,"gender":"Male","name":"Dolph Starbeam","occupation":"School bully","portrait_path":"/character/40.webp","phrases":[],"status":"Alive"}]} 
 </msg>
<msg time="2025-12-03T13:05:47.027390" level="INFO">C:\ArchivosClaudia\qaxpert_training\APIS\qa-automation-apis-robot-framework\Stage_1\Mission\venvMision1\Lib\site-packages\urllib3\connectionpool.py:1097: InsecureRequestWarning: Unverified HTTPS request is being made to host 'thesimpsonsapi.com'. Adding certificate verification is strongly advised. See: https://urllib3.readthedocs.io/en/latest/advanced-usage.html#tls-warnings
  warnings.warn(</msg>
<msg time="2025-12-03T13:05:47.027908" level="INFO">${resp} = &lt;Response [200]&gt;</msg>
<var>${resp}</var>
<arg>simpsons</arg>
<arg>${ENDPOINT_CHARACTERS}?page=2</arg>
<doc>*DEPRECATED* Please use `GET On Session` instead.</doc>
<status status="PASS" start="2025-12-03T13:05:46.991014" elapsed="0.036948"/>
</kw>
<kw name="To Json" owner="RequestsLibrary">
<msg time="2025-12-03T13:05:47.028358" level="WARN">Keyword 'RequestsLibrary.To Json' is deprecated. Please use ${resp.json()} instead. Have a look at the improved HTML output as pretty printing replacement.</msg>
<msg time="2025-12-03T13:05:47.029589" level="INFO">To JSON using : content={"count":1182,"next":"https://thesimpsonsapi.com/api/characters?page=3","prev":"https://thesimpsonsapi.com/api/characters?page=1","pages":60,"results":[{"id":21,"age":32,"birthdate":"1963-01-18","gender":"Male","name":"Otto Mann","occupation":"School bus driver","portrait_path":"/character/21.webp","phrases":[],"status":"Alive"},{"id":22,"age":10,"birthdate":null,"gender":"Male","name":"Milhouse Van Houten","occupation":"Student at Springfield Elementary","portrait_path":"/character/22.webp","phrases":["Sorry, Bart.","Get a load of that quote / unquote Santa!","The House always wins.","Hey, Bart, want to trade lunches?","My Glasses!","Everythings comin up Milhouse!","What a Rad!","Whazzup!!!","Stupid! Stupid! Stupid!","MOOOOOM! BARTS SWEARING!"],"status":"Alive"},{"id":23,"age":44,"birthdate":null,"gender":"Female","name":"Luann Van Houten","occupation":"Housewife","portrait_path":"/character/23.webp","phrases":["From now on, forget everything you thought you knew about Luann Van Houten. "],"status":"Alive"},{"id":24,"age":null,"birthdate":null,"gender":"Male","name":"Kirk Van Houten","occupation":"Unemployed","portrait_path":"/character/24.webp","phrases":["I dont like the idea of Milhouse having two spaghetti meals in one day."],"status":"Alive"},{"id":25,"age":8,"birthdate":"1982-02-10","gender":"Male","name":"Ralph Wiggum","occupation":"Student at Springfield Elementary School","portrait_path":"/character/25.webp","phrases":["Shes touching my special area!"],"status":"Alive"},{"id":26,"age":39,"birthdate":"1954-04-20","gender":"Male","name":"Barney Gumble","occupation":"Helicopter pilot","portrait_path":"/character/26.webp","phrases":["BURRRRRRPPPP!","Dont cry for me, Im already dead.","Is that a new kind of Mace? Its really painful!"],"status":"Alive"},{"id":27,"age":null,"birthdate":"1955-04-13","gender":"Male","name":"Carl Carlson","occupation":"Safety Operations Supervisor at the Springfield Nuclear Power Plant","portrait_path":"/character/27.webp","phrases":["See, statements like that are why people think were gay."],"status":"Alive"},{"id":28,"age":37,"birthdate":"1955-04-20","gender":"Male","name":"Lenny Leonard","occupation":"Technical Supervisor at the Springfield Nuclear Power Plant","portrait_path":"/character/28.webp","phrases":[],"status":"Alive"},{"id":29,"age":40,"birthdate":null,"gender":"Male","name":"Clancy Wiggum","occupation":"Chief of the Springfield Police Department","portrait_path":"/character/29.webp","phrases":["If anything goes wrong, just dial 911. Unless its an emergency.","It was only two days till he retired.","Cuff em, Lou.","Lets roll, boys!","Take em away, boys.","Book em, Lou.","Oh, dont worry, Im the pief of cholice. I mean, Im, uh, the beef with no cheese."],"status":"Alive"},{"id":30,"age":null,"birthdate":null,"gender":"Female","name":"Sarah Wiggum","occupation":"Housewife","portrait_path":"/character/30.webp","phrases":["Clancy!","Clancy! Use the remote!","I love you, Poppin Fresh, Aw Clancy!","Homer, can you make me look Fancy?"],"status":"Alive"},{"id":31,"age":null,"birthdate":null,"gender":"Male","name":"Julius Hibbert","occupation":"Doctor at Springfield General Hospital","portrait_path":"/character/31.webp","phrases":["A-heh-heh-heh.","Have a wowwipop.","This man is dead."],"status":"Alive"},{"id":32,"age":30,"birthdate":null,"gender":"Male","name":"Lou","occupation":"Police Sergeant","portrait_path":"/character/32.webp","phrases":["Sweet.Uh... Chief?"],"status":"Alive"},{"id":33,"age":null,"birthdate":null,"gender":"Male","name":"Jonathan Frink, Jr.","occupation":"Professor","portrait_path":"/character/33.webp","phrases":["Frink out"],"status":"Alive"},{"id":34,"age":null,"birthdate":null,"gender":"Male","name":"Professor Frink's son","occupation":"Professor Frink's Inventions","portrait_path":"/character/34.webp","phrases":[],"status":"Alive"},{"id":35,"age":31,"birthdate":"1957-02-25","gender":"Male","name":"Robert Terwilliger","occupation":"Criminal Mastermind","portrait_path":"/character/35.webp","phrases":["Hello, Bart.","No! Thats German... for The Bart, The."],"status":"Alive"},{"id":36,"age":null,"birthdate":null,"gender":"Male","name":"Martin Prince, Jr.","occupation":"Student at Springfield Elementary School.","portrait_path":"/character/36.webp","phrases":["Pick me, teacher, Im ever so smart!Dickety! Highly dubious."],"status":"Alive"},{"id":37,"age":101,"birthdate":null,"gender":"Male","name":"Nelson Muntz","occupation":"Student and Bully at Springfield Elementary","portrait_path":"/character/37.webp","phrases":["Ha Ha!"],"status":"Alive"},{"id":38,"age":15,"birthdate":null,"gender":"Male","name":"Jimbo Jones","occupation":"School Bully","portrait_path":"/character/38.webp","phrases":["Bite me.","Yeah, I love Grimby"],"status":"Alive"},{"id":39,"age":null,"birthdate":null,"gender":"Male","name":"Kearney Zzyzwicz","occupation":"School student","portrait_path":"/character/39.webp","phrases":["First person to blink is a dead man.","Shut up.","Fixing the church should be our top priority! I say this as a teenager, and the parent of a teenager."],"status":"Alive"},{"id":40,"age":15,"birthdate":null,"gender":"Male","name":"Dolph Starbeam","occupation":"School bully","portrait_path":"/character/40.webp","phrases":[],"status":"Alive"}]} </msg>
<msg time="2025-12-03T13:05:47.029675" level="INFO">To JSON using : pretty_print=False </msg>
<msg time="2025-12-03T13:05:47.029863" level="INFO">${json} = {'count': 1182, 'next': 'https://thesimpsonsapi.com/api/characters?page=3', 'prev': 'https://thesimpsonsapi.com/api/characters?page=1', 'pages': 60, 'results': [{'id': 21, 'age': 32, 'birthdate': '196...</msg>
<var>${json}</var>
<arg>${resp.content}</arg>
<doc>*DEPRECATED* Please use ${resp.json()} instead. Have a look at the improved HTML output as pretty printing replacement.</doc>
<status status="PASS" start="2025-12-03T13:05:47.028311" elapsed="0.001612"/>
</kw>
<kw name="Should Match Regexp" owner="BuiltIn">
<msg time="2025-12-03T13:05:47.031010" level="FAIL">'https://thesimpsonsapi.com/api/characters?page=3' does not match '^https?://.+/api/characters?page=d+$'</msg>
<arg>${json["next"]}</arg>
<arg>^https?://.+/api/characters\?page=\d+$</arg>
<doc>Fails if ``string`` does not match ``pattern`` as a regular expression.</doc>
<status status="FAIL" start="2025-12-03T13:05:47.030305" elapsed="0.000779">'https://thesimpsonsapi.com/api/characters?page=3' does not match '^https?://.+/api/characters?page=d+$'</status>
</kw>
<kw name="Should Match Regexp" owner="BuiltIn">
<arg>${json["prev"]}</arg>
<arg>^https?://.+/api/characters\?page=\d+$</arg>
<doc>Fails if ``string`` does not match ``pattern`` as a regular expression.</doc>
<status status="NOT RUN" start="2025-12-03T13:05:47.031308" elapsed="0.000023"/>
</kw>
<status status="FAIL" start="2025-12-03T13:05:46.988383" elapsed="0.043136">'https://thesimpsonsapi.com/api/characters?page=3' does not match '^https?://.+/api/characters?page=d+$'</status>
</test>
<status status="FAIL" start="2025-12-03T13:05:45.553194" elapsed="1.479578"/>
</suite>
<statistics>
<total>
<stat pass="2" fail="5" skip="0">All Tests</stat>
</total>
<tag>
</tag>
<suite>
<stat name="mision1 TheSimpsonclauv" id="s1" pass="2" fail="5" skip="0">mision1 TheSimpsonclauv</stat>
</suite>
</statistics>
<errors>
<msg time="2025-12-03T13:05:45.772110" level="ERROR">Error in file 'C:\ArchivosClaudia\qaxpert_training\APIS\qa-automation-apis-robot-framework\Stage_1\Mission\mision1_TheSimpsonclauv.robot' on line 5: Importing library 'JSONLibrary' failed: ModuleNotFoundError: No module named 'JSONLibrary'
Traceback (most recent call last):
  None
PYTHONPATH:
  C:\ArchivosClaudia\qaxpert_training\APIS\qa-automation-apis-robot-framework\Stage_1\Mission\venvMision1\Scripts\robot.exe
  C:\Users\USUARIO\AppData\Local\Programs\Python\Python313\python313.zip
  C:\Users\USUARIO\AppData\Local\Programs\Python\Python313\DLLs
  C:\Users\USUARIO\AppData\Local\Programs\Python\Python313\Lib
  C:\Users\USUARIO\AppData\Local\Programs\Python\Python313
  C:\ArchivosClaudia\qaxpert_training\APIS\qa-automation-apis-robot-framework\Stage_1\Mission\venvMision1
  C:\ArchivosClaudia\qaxpert_training\APIS\qa-automation-apis-robot-framework\Stage_1\Mission\venvMision1\Lib\site-packages</msg>
<msg time="2025-12-03T13:05:45.776721" level="ERROR">Error in file 'C:\ArchivosClaudia\qaxpert_training\APIS\qa-automation-apis-robot-framework\Stage_1\Mission\mision1_TheSimpsonclauv.robot' on line 28: Resource file '..\resources\variables.robot' does not exist.</msg>
<msg time="2025-12-03T13:05:45.779791" level="ERROR">Error in file 'C:\ArchivosClaudia\qaxpert_training\APIS\qa-automation-apis-robot-framework\Stage_1\Mission\mision1_TheSimpsonclauv.robot' on line 29: Resource file '..\resources\keywords.robot' does not exist.</msg>
<msg time="2025-12-03T13:05:45.785072" level="WARN">Keyword 'RequestsLibrary.Get Request' is deprecated. Please use `GET On Session` instead.</msg>
<msg time="2025-12-03T13:05:45.788103" level="WARN">Keyword 'RequestsLibrary.To Json' is deprecated. Please use ${resp.json()} instead. Have a look at the improved HTML output as pretty printing replacement.</msg>
<msg time="2025-12-03T13:05:45.796741" level="WARN">Keyword 'RequestsLibrary.Get Request' is deprecated. Please use `GET On Session` instead.</msg>
<msg time="2025-12-03T13:05:46.720590" level="WARN">Keyword 'RequestsLibrary.To Json' is deprecated. Please use ${resp.json()} instead. Have a look at the improved HTML output as pretty printing replacement.</msg>
<msg time="2025-12-03T13:05:46.734485" level="WARN">Keyword 'RequestsLibrary.Get Request' is deprecated. Please use `GET On Session` instead.</msg>
<msg time="2025-12-03T13:05:46.783790" level="WARN">Keyword 'RequestsLibrary.To Json' is deprecated. Please use ${resp.json()} instead. Have a look at the improved HTML output as pretty printing replacement.</msg>
<msg time="2025-12-03T13:05:46.796806" level="WARN">Keyword 'RequestsLibrary.Get Request' is deprecated. Please use `GET On Session` instead.</msg>
<msg time="2025-12-03T13:05:46.851017" level="WARN">Keyword 'RequestsLibrary.To Json' is deprecated. Please use ${resp.json()} instead. Have a look at the improved HTML output as pretty printing replacement.</msg>
<msg time="2025-12-03T13:05:46.862142" level="WARN">Keyword 'RequestsLibrary.Get Request' is deprecated. Please use `GET On Session` instead.</msg>
<msg time="2025-12-03T13:05:46.899182" level="WARN">Keyword 'RequestsLibrary.To Json' is deprecated. Please use ${resp.json()} instead. Have a look at the improved HTML output as pretty printing replacement.</msg>
<msg time="2025-12-03T13:05:46.903648" level="WARN">Keyword 'RequestsLibrary.Get Request' is deprecated. Please use `GET On Session` instead.</msg>
<msg time="2025-12-03T13:05:46.942382" level="WARN">Keyword 'RequestsLibrary.Get Request' is deprecated. Please use `GET On Session` instead.</msg>
<msg time="2025-12-03T13:05:46.991132" level="WARN">Keyword 'RequestsLibrary.Get Request' is deprecated. Please use `GET On Session` instead.</msg>
<msg time="2025-12-03T13:05:47.028358" level="WARN">Keyword 'RequestsLibrary.To Json' is deprecated. Please use ${resp.json()} instead. Have a look at the improved HTML output as pretty printing replacement.</msg>
</errors>
</robot>
